GowinSynthesis start
Running parser ...
Analyzing Verilog file 'D:\Program Files\Gowin\Gowin_V1.9.9_x64\IDE\ipcore\RAMBasedShiftRegister\data\RAM_based_shift_reg_top.v'
Analyzing included file 'shift_reg_name.v'("D:\Program Files\Gowin\Gowin_V1.9.9_x64\IDE\ipcore\RAMBasedShiftRegister\data\RAM_based_shift_reg_top.v":2)
Back to file 'D:\Program Files\Gowin\Gowin_V1.9.9_x64\IDE\ipcore\RAMBasedShiftRegister\data\RAM_based_shift_reg_top.v'("D:\Program Files\Gowin\Gowin_V1.9.9_x64\IDE\ipcore\RAMBasedShiftRegister\data\RAM_based_shift_reg_top.v":2)
Analyzing included file 'shift_reg_define.v'("D:\Program Files\Gowin\Gowin_V1.9.9_x64\IDE\ipcore\RAMBasedShiftRegister\data\RAM_based_shift_reg_top.v":3)
Back to file 'D:\Program Files\Gowin\Gowin_V1.9.9_x64\IDE\ipcore\RAMBasedShiftRegister\data\RAM_based_shift_reg_top.v'("D:\Program Files\Gowin\Gowin_V1.9.9_x64\IDE\ipcore\RAMBasedShiftRegister\data\RAM_based_shift_reg_top.v":3)
Analyzing included file 'shift_reg_parameter.v'("D:\Program Files\Gowin\Gowin_V1.9.9_x64\IDE\ipcore\RAMBasedShiftRegister\data\RAM_based_shift_reg_top.v":25)
Back to file 'D:\Program Files\Gowin\Gowin_V1.9.9_x64\IDE\ipcore\RAMBasedShiftRegister\data\RAM_based_shift_reg_top.v'("D:\Program Files\Gowin\Gowin_V1.9.9_x64\IDE\ipcore\RAMBasedShiftRegister\data\RAM_based_shift_reg_top.v":25)
Analyzing Verilog file 'D:\Program Files\Gowin\Gowin_V1.9.9_x64\IDE\ipcore\RAMBasedShiftRegister\data\RAM_based_shift_reg.v'
Analyzing included file 'shift_reg_define.v'("D:\Program Files\Gowin\Gowin_V1.9.9_x64\IDE\ipcore\RAMBasedShiftRegister\data\RAM_based_shift_reg.v":144)
Back to file 'D:\Program Files\Gowin\Gowin_V1.9.9_x64\IDE\ipcore\RAMBasedShiftRegister\data\RAM_based_shift_reg.v'("D:\Program Files\Gowin\Gowin_V1.9.9_x64\IDE\ipcore\RAMBasedShiftRegister\data\RAM_based_shift_reg.v":144)
Analyzing included file 'shift_reg_name.v'("D:\Program Files\Gowin\Gowin_V1.9.9_x64\IDE\ipcore\RAMBasedShiftRegister\data\RAM_based_shift_reg.v":144)
Back to file 'D:\Program Files\Gowin\Gowin_V1.9.9_x64\IDE\ipcore\RAMBasedShiftRegister\data\RAM_based_shift_reg.v'("D:\Program Files\Gowin\Gowin_V1.9.9_x64\IDE\ipcore\RAMBasedShiftRegister\data\RAM_based_shift_reg.v":144)
Analyzing included file 'shift_reg_parameter.v'("D:\Program Files\Gowin\Gowin_V1.9.9_x64\IDE\ipcore\RAMBasedShiftRegister\data\RAM_based_shift_reg.v":144)
Back to file 'D:\Program Files\Gowin\Gowin_V1.9.9_x64\IDE\ipcore\RAMBasedShiftRegister\data\RAM_based_shift_reg.v'("D:\Program Files\Gowin\Gowin_V1.9.9_x64\IDE\ipcore\RAMBasedShiftRegister\data\RAM_based_shift_reg.v":144)
Compiling module 'myshift_register'("D:\Program Files\Gowin\Gowin_V1.9.9_x64\IDE\ipcore\RAMBasedShiftRegister\data\RAM_based_shift_reg_top.v":6)
Compiling module '**'("D:\Program Files\Gowin\Gowin_V1.9.9_x64\IDE\ipcore\RAMBasedShiftRegister\data\RAM_based_shift_reg.v":0)
Extracting RAM for identifier '**'("D:\Program Files\Gowin\Gowin_V1.9.9_x64\IDE\ipcore\RAMBasedShiftRegister\data\RAM_based_shift_reg.v":0)
WARN  (EX2932) : Unknown system task '**' ignored for synthesis("D:\Program Files\Gowin\Gowin_V1.9.9_x64\IDE\ipcore\RAMBasedShiftRegister\data\RAM_based_shift_reg.v":0)
WARN  (EX3791) : Expression size ** truncated to fit in target size **("D:\Program Files\Gowin\Gowin_V1.9.9_x64\IDE\ipcore\RAMBasedShiftRegister\data\RAM_based_shift_reg.v":0)
NOTE  (EX0101) : Current top module is "myshift_register"
[5%] Running netlist conversion ...
Running device independent optimization ...
[10%] Optimizing Phase 0 completed
[15%] Optimizing Phase 1 completed
[25%] Optimizing Phase 2 completed
Running inference ...
[30%] Inferring Phase 0 completed
[40%] Inferring Phase 1 completed
[50%] Inferring Phase 2 completed
[55%] Inferring Phase 3 completed
Running technical mapping ...
[60%] Tech-Mapping Phase 0 completed
[65%] Tech-Mapping Phase 1 completed
[75%] Tech-Mapping Phase 2 completed
[80%] Tech-Mapping Phase 3 completed
[90%] Tech-Mapping Phase 4 completed
[95%] Generate netlist file "D:\ren'ren\Documents\fpga\fpgaProject\remake\src\RAM_based_shift_reg_top\temp\RAM_Based_Shift_Register\RAM_based_shift_reg_top.vg" completed
Generate template file "D:\ren'ren\Documents\fpga\fpgaProject\remake\src\RAM_based_shift_reg_top\temp\RAM_Based_Shift_Register\RAM_based_shift_reg_top_tmp.v" completed
[100%] Generate report file "D:\ren'ren\Documents\fpga\fpgaProject\remake\src\RAM_based_shift_reg_top\temp\RAM_Based_Shift_Register\RAM_based_shift_reg_top_syn.rpt.html" completed
GowinSynthesis finish
