GowinSynthesis start
Running parser ...
Analyzing Verilog file 'D:\Program Files\Gowin\Gowin_V1.9.9_x64\IDE\ipcore\Gamma_Correction\data\gamma_top.v'
Analyzing included file 'define.v'("D:\Program Files\Gowin\Gowin_V1.9.9_x64\IDE\ipcore\Gamma_Correction\data\gamma_top.v":136)
Back to file 'D:\Program Files\Gowin\Gowin_V1.9.9_x64\IDE\ipcore\Gamma_Correction\data\gamma_top.v'("D:\Program Files\Gowin\Gowin_V1.9.9_x64\IDE\ipcore\Gamma_Correction\data\gamma_top.v":136)
Analyzing included file 'D:\Program Files\Gowin\Gowin_V1.9.9_x64\IDE\ipcore\Gamma_Correction\data\static_macro_define.v'("D:\Program Files\Gowin\Gowin_V1.9.9_x64\IDE\ipcore\Gamma_Correction\data\gamma_top.v":136)
Back to file 'D:\Program Files\Gowin\Gowin_V1.9.9_x64\IDE\ipcore\Gamma_Correction\data\gamma_top.v'("D:\Program Files\Gowin\Gowin_V1.9.9_x64\IDE\ipcore\Gamma_Correction\data\gamma_top.v":136)
Analyzing included file 'parameter.v'("D:\Program Files\Gowin\Gowin_V1.9.9_x64\IDE\ipcore\Gamma_Correction\data\gamma_top.v":136)
Back to file 'D:\Program Files\Gowin\Gowin_V1.9.9_x64\IDE\ipcore\Gamma_Correction\data\gamma_top.v'("D:\Program Files\Gowin\Gowin_V1.9.9_x64\IDE\ipcore\Gamma_Correction\data\gamma_top.v":136)
Analyzing included file 'define.v'("D:\Program Files\Gowin\Gowin_V1.9.9_x64\IDE\ipcore\Gamma_Correction\data\gamma_top.v":136)
Back to file 'D:\Program Files\Gowin\Gowin_V1.9.9_x64\IDE\ipcore\Gamma_Correction\data\gamma_top.v'("D:\Program Files\Gowin\Gowin_V1.9.9_x64\IDE\ipcore\Gamma_Correction\data\gamma_top.v":136)
Analyzing included file 'parameter.v'("D:\Program Files\Gowin\Gowin_V1.9.9_x64\IDE\ipcore\Gamma_Correction\data\gamma_top.v":136)
Back to file 'D:\Program Files\Gowin\Gowin_V1.9.9_x64\IDE\ipcore\Gamma_Correction\data\gamma_top.v'("D:\Program Files\Gowin\Gowin_V1.9.9_x64\IDE\ipcore\Gamma_Correction\data\gamma_top.v":136)
Undeclared symbol '**', assumed default net type '**'("D:\Program Files\Gowin\Gowin_V1.9.9_x64\IDE\ipcore\Gamma_Correction\data\gamma_top.v":0)
Undeclared symbol '**', assumed default net type '**'("D:\Program Files\Gowin\Gowin_V1.9.9_x64\IDE\ipcore\Gamma_Correction\data\gamma_top.v":0)
Undeclared symbol '**', assumed default net type '**'("D:\Program Files\Gowin\Gowin_V1.9.9_x64\IDE\ipcore\Gamma_Correction\data\gamma_top.v":0)
Undeclared symbol '**', assumed default net type '**'("D:\Program Files\Gowin\Gowin_V1.9.9_x64\IDE\ipcore\Gamma_Correction\data\gamma_top.v":0)
Analyzing Verilog file 'D:\Program Files\Gowin\Gowin_V1.9.9_x64\IDE\ipcore\Gamma_Correction\data\gamma_top_wrap.v'
Analyzing included file 'define.v'("D:\Program Files\Gowin\Gowin_V1.9.9_x64\IDE\ipcore\Gamma_Correction\data\gamma_top_wrap.v":12)
Back to file 'D:\Program Files\Gowin\Gowin_V1.9.9_x64\IDE\ipcore\Gamma_Correction\data\gamma_top_wrap.v'("D:\Program Files\Gowin\Gowin_V1.9.9_x64\IDE\ipcore\Gamma_Correction\data\gamma_top_wrap.v":12)
Analyzing included file 'D:\Program Files\Gowin\Gowin_V1.9.9_x64\IDE\ipcore\Gamma_Correction\data\static_macro_define.v'("D:\Program Files\Gowin\Gowin_V1.9.9_x64\IDE\ipcore\Gamma_Correction\data\gamma_top_wrap.v":13)
Back to file 'D:\Program Files\Gowin\Gowin_V1.9.9_x64\IDE\ipcore\Gamma_Correction\data\gamma_top_wrap.v'("D:\Program Files\Gowin\Gowin_V1.9.9_x64\IDE\ipcore\Gamma_Correction\data\gamma_top_wrap.v":13)
Analyzing included file 'parameter.v'("D:\Program Files\Gowin\Gowin_V1.9.9_x64\IDE\ipcore\Gamma_Correction\data\gamma_top_wrap.v":39)
Back to file 'D:\Program Files\Gowin\Gowin_V1.9.9_x64\IDE\ipcore\Gamma_Correction\data\gamma_top_wrap.v'("D:\Program Files\Gowin\Gowin_V1.9.9_x64\IDE\ipcore\Gamma_Correction\data\gamma_top_wrap.v":39)
Compiling module 'Gamma_Correction_Top'("D:\Program Files\Gowin\Gowin_V1.9.9_x64\IDE\ipcore\Gamma_Correction\data\gamma_top_wrap.v":16)
Compiling module '**'("D:\Program Files\Gowin\Gowin_V1.9.9_x64\IDE\ipcore\Gamma_Correction\data\gamma_top.v":0)
Compiling module '**'("D:\Program Files\Gowin\Gowin_V1.9.9_x64\IDE\ipcore\Gamma_Correction\data\gamma_top.v":0)
Extracting RAM for identifier '**'("D:\Program Files\Gowin\Gowin_V1.9.9_x64\IDE\ipcore\Gamma_Correction\data\gamma_top.v":0)
Extracting RAM for identifier '**'("D:\Program Files\Gowin\Gowin_V1.9.9_x64\IDE\ipcore\Gamma_Correction\data\gamma_top.v":0)
Extracting RAM for identifier '**'("D:\Program Files\Gowin\Gowin_V1.9.9_x64\IDE\ipcore\Gamma_Correction\data\gamma_top.v":0)
WARN  (EX3791) : Expression size ** truncated to fit in target size **("D:\Program Files\Gowin\Gowin_V1.9.9_x64\IDE\ipcore\Gamma_Correction\data\gamma_top.v":0)
NOTE  (EX0101) : Current top module is "Gamma_Correction_Top"
[5%] Running netlist conversion ...
WARN  (CV0020) : Input waddr[15:6] is unused("D:\Program Files\Gowin\Gowin_V1.9.9_x64\IDE\ipcore\Gamma_Correction\data\gamma_top_wrap.v":54)
WARN  (CV0020) : Input waddr[1:0] is unused("D:\Program Files\Gowin\Gowin_V1.9.9_x64\IDE\ipcore\Gamma_Correction\data\gamma_top_wrap.v":54)
WARN  (CV0020) : Input wdata[31:24] is unused("D:\Program Files\Gowin\Gowin_V1.9.9_x64\IDE\ipcore\Gamma_Correction\data\gamma_top_wrap.v":55)
WARN  (CV0020) : Input wdata[15:8] is unused("D:\Program Files\Gowin\Gowin_V1.9.9_x64\IDE\ipcore\Gamma_Correction\data\gamma_top_wrap.v":55)
Running device independent optimization ...
[10%] Optimizing Phase 0 completed
[15%] Optimizing Phase 1 completed
[25%] Optimizing Phase 2 completed
Running inference ...
[30%] Inferring Phase 0 completed
[40%] Inferring Phase 1 completed
[50%] Inferring Phase 2 completed
[55%] Inferring Phase 3 completed
Running technical mapping ...
[60%] Tech-Mapping Phase 0 completed
[65%] Tech-Mapping Phase 1 completed
[75%] Tech-Mapping Phase 2 completed
[80%] Tech-Mapping Phase 3 completed
[90%] Tech-Mapping Phase 4 completed
[95%] Generate netlist file "D:\BaiduSyncdisk\TongjiRubbishBin\ISP\FPGA_ISP\remake\src\isp\gamma_correction\temp\GammaCorrection\gamma_correction.vg" completed
Generate template file "D:\BaiduSyncdisk\TongjiRubbishBin\ISP\FPGA_ISP\remake\src\isp\gamma_correction\temp\GammaCorrection\gamma_correction_tmp.v" completed
[100%] Generate report file "D:\BaiduSyncdisk\TongjiRubbishBin\ISP\FPGA_ISP\remake\src\isp\gamma_correction\temp\GammaCorrection\gamma_correction_syn.rpt.html" completed
GowinSynthesis finish
