Reading netlist file: "D:\BaiduSyncdisk\TongjiRubbishBin\ISP\FPGA_ISP\remake\impl\gwsynthesis\remake.vg"
Parsing netlist file "D:\BaiduSyncdisk\TongjiRubbishBin\ISP\FPGA_ISP\remake\impl\gwsynthesis\remake.vg" completed
Processing netlist completed
Reading constraint file: "D:\BaiduSyncdisk\TongjiRubbishBin\ISP\FPGA_ISP\remake\src\top.cst"
Physical Constraint parsed completed
Running placement......
[10%] Placement Phase 0 completed
[20%] Placement Phase 1 completed
[30%] Placement Phase 2 completed
[50%] Placement Phase 3 completed
Running routing......
[60%] Routing Phase 0 completed
[70%] Routing Phase 1 completed
[80%] Routing Phase 2 completed
WARN  (PR1014) : Generic routing resource will be used to clock signal 'clk50m_d' by the specified constraint. And then it may lead to the excessive delay or skew
WARN  (PR1014) : Generic routing resource will be used to clock signal 'camera_pclk_d' by the specified constraint. And then it may lead to the excessive delay or skew
[90%] Routing Phase 3 completed
Running timing analysis......
[95%] Timing analysis completed
Placement and routing completed
Bitstream generation in progress......
Bitstream generation completed
Generate file "D:\BaiduSyncdisk\TongjiRubbishBin\ISP\FPGA_ISP\remake\impl\pnr\remake.pin.html" completed
Generate file "D:\BaiduSyncdisk\TongjiRubbishBin\ISP\FPGA_ISP\remake\impl\pnr\remake.rpt.html" completed
Generate file "D:\BaiduSyncdisk\TongjiRubbishBin\ISP\FPGA_ISP\remake\impl\pnr\remake.rpt.txt" completed
Generate file "D:\BaiduSyncdisk\TongjiRubbishBin\ISP\FPGA_ISP\remake\impl\pnr\remake.tr.html" completed
Wed Oct 30 21:20:14 2024

