GowinSynthesis start
Running parser ...
Analyzing Verilog file 'H:\0_gaoyun_p\1.9.9Beta-2\Gowin\Gowin_V1.9.9Beta-2\IDE\ipcore\DDR3\data\5at_ddr3_1_4code_hs\5at_ddr3_1_4code_hs.v'
Analyzing included file 'ddr3_name.v'("H:\0_gaoyun_p\1.9.9Beta-2\Gowin\Gowin_V1.9.9Beta-2\IDE\ipcore\DDR3\data\5at_ddr3_1_4code_hs\5at_ddr3_1_4code_hs.v":5580)
Back to file 'H:\0_gaoyun_p\1.9.9Beta-2\Gowin\Gowin_V1.9.9Beta-2\IDE\ipcore\DDR3\data\5at_ddr3_1_4code_hs\5at_ddr3_1_4code_hs.v'("H:\0_gaoyun_p\1.9.9Beta-2\Gowin\Gowin_V1.9.9Beta-2\IDE\ipcore\DDR3\data\5at_ddr3_1_4code_hs\5at_ddr3_1_4code_hs.v":5580)
Analyzing included file 'DDR3_define.v'("H:\0_gaoyun_p\1.9.9Beta-2\Gowin\Gowin_V1.9.9Beta-2\IDE\ipcore\DDR3\data\5at_ddr3_1_4code_hs\5at_ddr3_1_4code_hs.v":5580)
Back to file 'H:\0_gaoyun_p\1.9.9Beta-2\Gowin\Gowin_V1.9.9Beta-2\IDE\ipcore\DDR3\data\5at_ddr3_1_4code_hs\5at_ddr3_1_4code_hs.v'("H:\0_gaoyun_p\1.9.9Beta-2\Gowin\Gowin_V1.9.9Beta-2\IDE\ipcore\DDR3\data\5at_ddr3_1_4code_hs\5at_ddr3_1_4code_hs.v":5580)
Analyzing included file 'gwmc_param.v'("H:\0_gaoyun_p\1.9.9Beta-2\Gowin\Gowin_V1.9.9Beta-2\IDE\ipcore\DDR3\data\5at_ddr3_1_4code_hs\5at_ddr3_1_4code_hs.v":5580)
Back to file 'H:\0_gaoyun_p\1.9.9Beta-2\Gowin\Gowin_V1.9.9Beta-2\IDE\ipcore\DDR3\data\5at_ddr3_1_4code_hs\5at_ddr3_1_4code_hs.v'("H:\0_gaoyun_p\1.9.9Beta-2\Gowin\Gowin_V1.9.9Beta-2\IDE\ipcore\DDR3\data\5at_ddr3_1_4code_hs\5at_ddr3_1_4code_hs.v":5580)
Analyzing included file 'H:\0_gaoyun_p\1.9.9Beta-2\Gowin\Gowin_V1.9.9Beta-2\IDE\ipcore\DDR3\data\5at_ddr3_1_4code_hs\gwmc_local_param.v'("H:\0_gaoyun_p\1.9.9Beta-2\Gowin\Gowin_V1.9.9Beta-2\IDE\ipcore\DDR3\data\5at_ddr3_1_4code_hs\5at_ddr3_1_4code_hs.v":5580)
Back to file 'H:\0_gaoyun_p\1.9.9Beta-2\Gowin\Gowin_V1.9.9Beta-2\IDE\ipcore\DDR3\data\5at_ddr3_1_4code_hs\5at_ddr3_1_4code_hs.v'("H:\0_gaoyun_p\1.9.9Beta-2\Gowin\Gowin_V1.9.9Beta-2\IDE\ipcore\DDR3\data\5at_ddr3_1_4code_hs\5at_ddr3_1_4code_hs.v":5580)
Undeclared symbol '**', assumed default net type '**'("H:\0_gaoyun_p\1.9.9Beta-2\Gowin\Gowin_V1.9.9Beta-2\IDE\ipcore\DDR3\data\5at_ddr3_1_4code_hs\5at_ddr3_1_4code_hs.v":0)
Analyzing included file 'gwmc_param.v'("H:\0_gaoyun_p\1.9.9Beta-2\Gowin\Gowin_V1.9.9Beta-2\IDE\ipcore\DDR3\data\5at_ddr3_1_4code_hs\5at_ddr3_1_4code_hs.v":5580)
Back to file 'H:\0_gaoyun_p\1.9.9Beta-2\Gowin\Gowin_V1.9.9Beta-2\IDE\ipcore\DDR3\data\5at_ddr3_1_4code_hs\5at_ddr3_1_4code_hs.v'("H:\0_gaoyun_p\1.9.9Beta-2\Gowin\Gowin_V1.9.9Beta-2\IDE\ipcore\DDR3\data\5at_ddr3_1_4code_hs\5at_ddr3_1_4code_hs.v":5580)
Analyzing included file 'H:\0_gaoyun_p\1.9.9Beta-2\Gowin\Gowin_V1.9.9Beta-2\IDE\ipcore\DDR3\data\5at_ddr3_1_4code_hs\gwmc_local_param.v'("H:\0_gaoyun_p\1.9.9Beta-2\Gowin\Gowin_V1.9.9Beta-2\IDE\ipcore\DDR3\data\5at_ddr3_1_4code_hs\5at_ddr3_1_4code_hs.v":5580)
Back to file 'H:\0_gaoyun_p\1.9.9Beta-2\Gowin\Gowin_V1.9.9Beta-2\IDE\ipcore\DDR3\data\5at_ddr3_1_4code_hs\5at_ddr3_1_4code_hs.v'("H:\0_gaoyun_p\1.9.9Beta-2\Gowin\Gowin_V1.9.9Beta-2\IDE\ipcore\DDR3\data\5at_ddr3_1_4code_hs\5at_ddr3_1_4code_hs.v":5580)
Analyzing included file 'ddr3_name.v'("H:\0_gaoyun_p\1.9.9Beta-2\Gowin\Gowin_V1.9.9Beta-2\IDE\ipcore\DDR3\data\5at_ddr3_1_4code_hs\5at_ddr3_1_4code_hs.v":5580)
Back to file 'H:\0_gaoyun_p\1.9.9Beta-2\Gowin\Gowin_V1.9.9Beta-2\IDE\ipcore\DDR3\data\5at_ddr3_1_4code_hs\5at_ddr3_1_4code_hs.v'("H:\0_gaoyun_p\1.9.9Beta-2\Gowin\Gowin_V1.9.9Beta-2\IDE\ipcore\DDR3\data\5at_ddr3_1_4code_hs\5at_ddr3_1_4code_hs.v":5580)
Analyzing included file 'DDR3_define.v'("H:\0_gaoyun_p\1.9.9Beta-2\Gowin\Gowin_V1.9.9Beta-2\IDE\ipcore\DDR3\data\5at_ddr3_1_4code_hs\5at_ddr3_1_4code_hs.v":5580)
Back to file 'H:\0_gaoyun_p\1.9.9Beta-2\Gowin\Gowin_V1.9.9Beta-2\IDE\ipcore\DDR3\data\5at_ddr3_1_4code_hs\5at_ddr3_1_4code_hs.v'("H:\0_gaoyun_p\1.9.9Beta-2\Gowin\Gowin_V1.9.9Beta-2\IDE\ipcore\DDR3\data\5at_ddr3_1_4code_hs\5at_ddr3_1_4code_hs.v":5580)
Analyzing included file 'gwmc_param.v'("H:\0_gaoyun_p\1.9.9Beta-2\Gowin\Gowin_V1.9.9Beta-2\IDE\ipcore\DDR3\data\5at_ddr3_1_4code_hs\5at_ddr3_1_4code_hs.v":5580)
Back to file 'H:\0_gaoyun_p\1.9.9Beta-2\Gowin\Gowin_V1.9.9Beta-2\IDE\ipcore\DDR3\data\5at_ddr3_1_4code_hs\5at_ddr3_1_4code_hs.v'("H:\0_gaoyun_p\1.9.9Beta-2\Gowin\Gowin_V1.9.9Beta-2\IDE\ipcore\DDR3\data\5at_ddr3_1_4code_hs\5at_ddr3_1_4code_hs.v":5580)
Analyzing included file 'H:\0_gaoyun_p\1.9.9Beta-2\Gowin\Gowin_V1.9.9Beta-2\IDE\ipcore\DDR3\data\5at_ddr3_1_4code_hs\gwmc_local_param.v'("H:\0_gaoyun_p\1.9.9Beta-2\Gowin\Gowin_V1.9.9Beta-2\IDE\ipcore\DDR3\data\5at_ddr3_1_4code_hs\5at_ddr3_1_4code_hs.v":5580)
Back to file 'H:\0_gaoyun_p\1.9.9Beta-2\Gowin\Gowin_V1.9.9Beta-2\IDE\ipcore\DDR3\data\5at_ddr3_1_4code_hs\5at_ddr3_1_4code_hs.v'("H:\0_gaoyun_p\1.9.9Beta-2\Gowin\Gowin_V1.9.9Beta-2\IDE\ipcore\DDR3\data\5at_ddr3_1_4code_hs\5at_ddr3_1_4code_hs.v":5580)
Analyzing included file 'gwmc_param.v'("H:\0_gaoyun_p\1.9.9Beta-2\Gowin\Gowin_V1.9.9Beta-2\IDE\ipcore\DDR3\data\5at_ddr3_1_4code_hs\5at_ddr3_1_4code_hs.v":5580)
Back to file 'H:\0_gaoyun_p\1.9.9Beta-2\Gowin\Gowin_V1.9.9Beta-2\IDE\ipcore\DDR3\data\5at_ddr3_1_4code_hs\5at_ddr3_1_4code_hs.v'("H:\0_gaoyun_p\1.9.9Beta-2\Gowin\Gowin_V1.9.9Beta-2\IDE\ipcore\DDR3\data\5at_ddr3_1_4code_hs\5at_ddr3_1_4code_hs.v":5580)
Analyzing included file 'H:\0_gaoyun_p\1.9.9Beta-2\Gowin\Gowin_V1.9.9Beta-2\IDE\ipcore\DDR3\data\5at_ddr3_1_4code_hs\gwmc_local_param.v'("H:\0_gaoyun_p\1.9.9Beta-2\Gowin\Gowin_V1.9.9Beta-2\IDE\ipcore\DDR3\data\5at_ddr3_1_4code_hs\5at_ddr3_1_4code_hs.v":5580)
Back to file 'H:\0_gaoyun_p\1.9.9Beta-2\Gowin\Gowin_V1.9.9Beta-2\IDE\ipcore\DDR3\data\5at_ddr3_1_4code_hs\5at_ddr3_1_4code_hs.v'("H:\0_gaoyun_p\1.9.9Beta-2\Gowin\Gowin_V1.9.9Beta-2\IDE\ipcore\DDR3\data\5at_ddr3_1_4code_hs\5at_ddr3_1_4code_hs.v":5580)
Analyzing included file 'gwmc_param.v'("H:\0_gaoyun_p\1.9.9Beta-2\Gowin\Gowin_V1.9.9Beta-2\IDE\ipcore\DDR3\data\5at_ddr3_1_4code_hs\5at_ddr3_1_4code_hs.v":5580)
Back to file 'H:\0_gaoyun_p\1.9.9Beta-2\Gowin\Gowin_V1.9.9Beta-2\IDE\ipcore\DDR3\data\5at_ddr3_1_4code_hs\5at_ddr3_1_4code_hs.v'("H:\0_gaoyun_p\1.9.9Beta-2\Gowin\Gowin_V1.9.9Beta-2\IDE\ipcore\DDR3\data\5at_ddr3_1_4code_hs\5at_ddr3_1_4code_hs.v":5580)
Analyzing included file 'H:\0_gaoyun_p\1.9.9Beta-2\Gowin\Gowin_V1.9.9Beta-2\IDE\ipcore\DDR3\data\5at_ddr3_1_4code_hs\gwmc_local_param.v'("H:\0_gaoyun_p\1.9.9Beta-2\Gowin\Gowin_V1.9.9Beta-2\IDE\ipcore\DDR3\data\5at_ddr3_1_4code_hs\5at_ddr3_1_4code_hs.v":5580)
Back to file 'H:\0_gaoyun_p\1.9.9Beta-2\Gowin\Gowin_V1.9.9Beta-2\IDE\ipcore\DDR3\data\5at_ddr3_1_4code_hs\5at_ddr3_1_4code_hs.v'("H:\0_gaoyun_p\1.9.9Beta-2\Gowin\Gowin_V1.9.9Beta-2\IDE\ipcore\DDR3\data\5at_ddr3_1_4code_hs\5at_ddr3_1_4code_hs.v":5580)
Analyzing included file 'gwmc_param.v'("H:\0_gaoyun_p\1.9.9Beta-2\Gowin\Gowin_V1.9.9Beta-2\IDE\ipcore\DDR3\data\5at_ddr3_1_4code_hs\5at_ddr3_1_4code_hs.v":5580)
Back to file 'H:\0_gaoyun_p\1.9.9Beta-2\Gowin\Gowin_V1.9.9Beta-2\IDE\ipcore\DDR3\data\5at_ddr3_1_4code_hs\5at_ddr3_1_4code_hs.v'("H:\0_gaoyun_p\1.9.9Beta-2\Gowin\Gowin_V1.9.9Beta-2\IDE\ipcore\DDR3\data\5at_ddr3_1_4code_hs\5at_ddr3_1_4code_hs.v":5580)
Analyzing included file 'H:\0_gaoyun_p\1.9.9Beta-2\Gowin\Gowin_V1.9.9Beta-2\IDE\ipcore\DDR3\data\5at_ddr3_1_4code_hs\gwmc_local_param.v'("H:\0_gaoyun_p\1.9.9Beta-2\Gowin\Gowin_V1.9.9Beta-2\IDE\ipcore\DDR3\data\5at_ddr3_1_4code_hs\5at_ddr3_1_4code_hs.v":5580)
Back to file 'H:\0_gaoyun_p\1.9.9Beta-2\Gowin\Gowin_V1.9.9Beta-2\IDE\ipcore\DDR3\data\5at_ddr3_1_4code_hs\5at_ddr3_1_4code_hs.v'("H:\0_gaoyun_p\1.9.9Beta-2\Gowin\Gowin_V1.9.9Beta-2\IDE\ipcore\DDR3\data\5at_ddr3_1_4code_hs\5at_ddr3_1_4code_hs.v":5580)
Undeclared symbol '**', assumed default net type '**'("H:\0_gaoyun_p\1.9.9Beta-2\Gowin\Gowin_V1.9.9Beta-2\IDE\ipcore\DDR3\data\5at_ddr3_1_4code_hs\5at_ddr3_1_4code_hs.v":0)
Analyzing included file 'gwmc_param.v'("H:\0_gaoyun_p\1.9.9Beta-2\Gowin\Gowin_V1.9.9Beta-2\IDE\ipcore\DDR3\data\5at_ddr3_1_4code_hs\5at_ddr3_1_4code_hs.v":5580)
Back to file 'H:\0_gaoyun_p\1.9.9Beta-2\Gowin\Gowin_V1.9.9Beta-2\IDE\ipcore\DDR3\data\5at_ddr3_1_4code_hs\5at_ddr3_1_4code_hs.v'("H:\0_gaoyun_p\1.9.9Beta-2\Gowin\Gowin_V1.9.9Beta-2\IDE\ipcore\DDR3\data\5at_ddr3_1_4code_hs\5at_ddr3_1_4code_hs.v":5580)
Analyzing included file 'H:\0_gaoyun_p\1.9.9Beta-2\Gowin\Gowin_V1.9.9Beta-2\IDE\ipcore\DDR3\data\5at_ddr3_1_4code_hs\gwmc_local_param.v'("H:\0_gaoyun_p\1.9.9Beta-2\Gowin\Gowin_V1.9.9Beta-2\IDE\ipcore\DDR3\data\5at_ddr3_1_4code_hs\5at_ddr3_1_4code_hs.v":5580)
Back to file 'H:\0_gaoyun_p\1.9.9Beta-2\Gowin\Gowin_V1.9.9Beta-2\IDE\ipcore\DDR3\data\5at_ddr3_1_4code_hs\5at_ddr3_1_4code_hs.v'("H:\0_gaoyun_p\1.9.9Beta-2\Gowin\Gowin_V1.9.9Beta-2\IDE\ipcore\DDR3\data\5at_ddr3_1_4code_hs\5at_ddr3_1_4code_hs.v":5580)
WARN  (EX3680) : Concatenation with an unsized literal will be treated as 32 bits("H:\0_gaoyun_p\1.9.9Beta-2\Gowin\Gowin_V1.9.9Beta-2\IDE\ipcore\DDR3\data\5at_ddr3_1_4code_hs\5at_ddr3_1_4code_hs.v":0)
Analyzing included file 'gwmc_param.v'("H:\0_gaoyun_p\1.9.9Beta-2\Gowin\Gowin_V1.9.9Beta-2\IDE\ipcore\DDR3\data\5at_ddr3_1_4code_hs\5at_ddr3_1_4code_hs.v":5580)
Back to file 'H:\0_gaoyun_p\1.9.9Beta-2\Gowin\Gowin_V1.9.9Beta-2\IDE\ipcore\DDR3\data\5at_ddr3_1_4code_hs\5at_ddr3_1_4code_hs.v'("H:\0_gaoyun_p\1.9.9Beta-2\Gowin\Gowin_V1.9.9Beta-2\IDE\ipcore\DDR3\data\5at_ddr3_1_4code_hs\5at_ddr3_1_4code_hs.v":5580)
Analyzing included file 'H:\0_gaoyun_p\1.9.9Beta-2\Gowin\Gowin_V1.9.9Beta-2\IDE\ipcore\DDR3\data\5at_ddr3_1_4code_hs\gwmc_local_param.v'("H:\0_gaoyun_p\1.9.9Beta-2\Gowin\Gowin_V1.9.9Beta-2\IDE\ipcore\DDR3\data\5at_ddr3_1_4code_hs\5at_ddr3_1_4code_hs.v":5580)
Back to file 'H:\0_gaoyun_p\1.9.9Beta-2\Gowin\Gowin_V1.9.9Beta-2\IDE\ipcore\DDR3\data\5at_ddr3_1_4code_hs\5at_ddr3_1_4code_hs.v'("H:\0_gaoyun_p\1.9.9Beta-2\Gowin\Gowin_V1.9.9Beta-2\IDE\ipcore\DDR3\data\5at_ddr3_1_4code_hs\5at_ddr3_1_4code_hs.v":5580)
Undeclared symbol '**', assumed default net type '**'("H:\0_gaoyun_p\1.9.9Beta-2\Gowin\Gowin_V1.9.9Beta-2\IDE\ipcore\DDR3\data\5at_ddr3_1_4code_hs\5at_ddr3_1_4code_hs.v":0)
Undeclared symbol '**', assumed default net type '**'("H:\0_gaoyun_p\1.9.9Beta-2\Gowin\Gowin_V1.9.9Beta-2\IDE\ipcore\DDR3\data\5at_ddr3_1_4code_hs\5at_ddr3_1_4code_hs.v":0)
Analyzing included file 'gwmc_param.v'("H:\0_gaoyun_p\1.9.9Beta-2\Gowin\Gowin_V1.9.9Beta-2\IDE\ipcore\DDR3\data\5at_ddr3_1_4code_hs\5at_ddr3_1_4code_hs.v":5580)
Back to file 'H:\0_gaoyun_p\1.9.9Beta-2\Gowin\Gowin_V1.9.9Beta-2\IDE\ipcore\DDR3\data\5at_ddr3_1_4code_hs\5at_ddr3_1_4code_hs.v'("H:\0_gaoyun_p\1.9.9Beta-2\Gowin\Gowin_V1.9.9Beta-2\IDE\ipcore\DDR3\data\5at_ddr3_1_4code_hs\5at_ddr3_1_4code_hs.v":5580)
Analyzing included file 'H:\0_gaoyun_p\1.9.9Beta-2\Gowin\Gowin_V1.9.9Beta-2\IDE\ipcore\DDR3\data\5at_ddr3_1_4code_hs\gwmc_local_param.v'("H:\0_gaoyun_p\1.9.9Beta-2\Gowin\Gowin_V1.9.9Beta-2\IDE\ipcore\DDR3\data\5at_ddr3_1_4code_hs\5at_ddr3_1_4code_hs.v":5580)
Back to file 'H:\0_gaoyun_p\1.9.9Beta-2\Gowin\Gowin_V1.9.9Beta-2\IDE\ipcore\DDR3\data\5at_ddr3_1_4code_hs\5at_ddr3_1_4code_hs.v'("H:\0_gaoyun_p\1.9.9Beta-2\Gowin\Gowin_V1.9.9Beta-2\IDE\ipcore\DDR3\data\5at_ddr3_1_4code_hs\5at_ddr3_1_4code_hs.v":5580)
Analyzing included file 'gwmc_param.v'("H:\0_gaoyun_p\1.9.9Beta-2\Gowin\Gowin_V1.9.9Beta-2\IDE\ipcore\DDR3\data\5at_ddr3_1_4code_hs\5at_ddr3_1_4code_hs.v":5580)
Back to file 'H:\0_gaoyun_p\1.9.9Beta-2\Gowin\Gowin_V1.9.9Beta-2\IDE\ipcore\DDR3\data\5at_ddr3_1_4code_hs\5at_ddr3_1_4code_hs.v'("H:\0_gaoyun_p\1.9.9Beta-2\Gowin\Gowin_V1.9.9Beta-2\IDE\ipcore\DDR3\data\5at_ddr3_1_4code_hs\5at_ddr3_1_4code_hs.v":5580)
Analyzing included file 'H:\0_gaoyun_p\1.9.9Beta-2\Gowin\Gowin_V1.9.9Beta-2\IDE\ipcore\DDR3\data\5at_ddr3_1_4code_hs\gwmc_local_param.v'("H:\0_gaoyun_p\1.9.9Beta-2\Gowin\Gowin_V1.9.9Beta-2\IDE\ipcore\DDR3\data\5at_ddr3_1_4code_hs\5at_ddr3_1_4code_hs.v":5580)
Back to file 'H:\0_gaoyun_p\1.9.9Beta-2\Gowin\Gowin_V1.9.9Beta-2\IDE\ipcore\DDR3\data\5at_ddr3_1_4code_hs\5at_ddr3_1_4code_hs.v'("H:\0_gaoyun_p\1.9.9Beta-2\Gowin\Gowin_V1.9.9Beta-2\IDE\ipcore\DDR3\data\5at_ddr3_1_4code_hs\5at_ddr3_1_4code_hs.v":5580)
Analyzing included file 'gwmc_param.v'("H:\0_gaoyun_p\1.9.9Beta-2\Gowin\Gowin_V1.9.9Beta-2\IDE\ipcore\DDR3\data\5at_ddr3_1_4code_hs\5at_ddr3_1_4code_hs.v":5580)
Back to file 'H:\0_gaoyun_p\1.9.9Beta-2\Gowin\Gowin_V1.9.9Beta-2\IDE\ipcore\DDR3\data\5at_ddr3_1_4code_hs\5at_ddr3_1_4code_hs.v'("H:\0_gaoyun_p\1.9.9Beta-2\Gowin\Gowin_V1.9.9Beta-2\IDE\ipcore\DDR3\data\5at_ddr3_1_4code_hs\5at_ddr3_1_4code_hs.v":5580)
Analyzing included file 'H:\0_gaoyun_p\1.9.9Beta-2\Gowin\Gowin_V1.9.9Beta-2\IDE\ipcore\DDR3\data\5at_ddr3_1_4code_hs\gwmc_local_param.v'("H:\0_gaoyun_p\1.9.9Beta-2\Gowin\Gowin_V1.9.9Beta-2\IDE\ipcore\DDR3\data\5at_ddr3_1_4code_hs\5at_ddr3_1_4code_hs.v":5580)
Back to file 'H:\0_gaoyun_p\1.9.9Beta-2\Gowin\Gowin_V1.9.9Beta-2\IDE\ipcore\DDR3\data\5at_ddr3_1_4code_hs\5at_ddr3_1_4code_hs.v'("H:\0_gaoyun_p\1.9.9Beta-2\Gowin\Gowin_V1.9.9Beta-2\IDE\ipcore\DDR3\data\5at_ddr3_1_4code_hs\5at_ddr3_1_4code_hs.v":5580)
Analyzing included file 'gwmc_param.v'("H:\0_gaoyun_p\1.9.9Beta-2\Gowin\Gowin_V1.9.9Beta-2\IDE\ipcore\DDR3\data\5at_ddr3_1_4code_hs\5at_ddr3_1_4code_hs.v":5580)
Back to file 'H:\0_gaoyun_p\1.9.9Beta-2\Gowin\Gowin_V1.9.9Beta-2\IDE\ipcore\DDR3\data\5at_ddr3_1_4code_hs\5at_ddr3_1_4code_hs.v'("H:\0_gaoyun_p\1.9.9Beta-2\Gowin\Gowin_V1.9.9Beta-2\IDE\ipcore\DDR3\data\5at_ddr3_1_4code_hs\5at_ddr3_1_4code_hs.v":5580)
Analyzing included file 'H:\0_gaoyun_p\1.9.9Beta-2\Gowin\Gowin_V1.9.9Beta-2\IDE\ipcore\DDR3\data\5at_ddr3_1_4code_hs\gwmc_local_param.v'("H:\0_gaoyun_p\1.9.9Beta-2\Gowin\Gowin_V1.9.9Beta-2\IDE\ipcore\DDR3\data\5at_ddr3_1_4code_hs\5at_ddr3_1_4code_hs.v":5580)
Back to file 'H:\0_gaoyun_p\1.9.9Beta-2\Gowin\Gowin_V1.9.9Beta-2\IDE\ipcore\DDR3\data\5at_ddr3_1_4code_hs\5at_ddr3_1_4code_hs.v'("H:\0_gaoyun_p\1.9.9Beta-2\Gowin\Gowin_V1.9.9Beta-2\IDE\ipcore\DDR3\data\5at_ddr3_1_4code_hs\5at_ddr3_1_4code_hs.v":5580)
WARN  (EX3801) : Parameter '**' becomes localparam in '**' with formal parameter declaration list("H:\0_gaoyun_p\1.9.9Beta-2\Gowin\Gowin_V1.9.9Beta-2\IDE\ipcore\DDR3\data\5at_ddr3_1_4code_hs\5at_ddr3_1_4code_hs.v":0)
Analyzing included file 'gwmc_param.v'("H:\0_gaoyun_p\1.9.9Beta-2\Gowin\Gowin_V1.9.9Beta-2\IDE\ipcore\DDR3\data\5at_ddr3_1_4code_hs\5at_ddr3_1_4code_hs.v":5580)
Back to file 'H:\0_gaoyun_p\1.9.9Beta-2\Gowin\Gowin_V1.9.9Beta-2\IDE\ipcore\DDR3\data\5at_ddr3_1_4code_hs\5at_ddr3_1_4code_hs.v'("H:\0_gaoyun_p\1.9.9Beta-2\Gowin\Gowin_V1.9.9Beta-2\IDE\ipcore\DDR3\data\5at_ddr3_1_4code_hs\5at_ddr3_1_4code_hs.v":5580)
Analyzing included file 'H:\0_gaoyun_p\1.9.9Beta-2\Gowin\Gowin_V1.9.9Beta-2\IDE\ipcore\DDR3\data\5at_ddr3_1_4code_hs\gwmc_local_param.v'("H:\0_gaoyun_p\1.9.9Beta-2\Gowin\Gowin_V1.9.9Beta-2\IDE\ipcore\DDR3\data\5at_ddr3_1_4code_hs\5at_ddr3_1_4code_hs.v":5580)
Back to file 'H:\0_gaoyun_p\1.9.9Beta-2\Gowin\Gowin_V1.9.9Beta-2\IDE\ipcore\DDR3\data\5at_ddr3_1_4code_hs\5at_ddr3_1_4code_hs.v'("H:\0_gaoyun_p\1.9.9Beta-2\Gowin\Gowin_V1.9.9Beta-2\IDE\ipcore\DDR3\data\5at_ddr3_1_4code_hs\5at_ddr3_1_4code_hs.v":5580)
Undeclared symbol '**', assumed default net type '**'("H:\0_gaoyun_p\1.9.9Beta-2\Gowin\Gowin_V1.9.9Beta-2\IDE\ipcore\DDR3\data\5at_ddr3_1_4code_hs\5at_ddr3_1_4code_hs.v":0)
Analyzing included file 'gwmc_param.v'("H:\0_gaoyun_p\1.9.9Beta-2\Gowin\Gowin_V1.9.9Beta-2\IDE\ipcore\DDR3\data\5at_ddr3_1_4code_hs\5at_ddr3_1_4code_hs.v":5580)
Back to file 'H:\0_gaoyun_p\1.9.9Beta-2\Gowin\Gowin_V1.9.9Beta-2\IDE\ipcore\DDR3\data\5at_ddr3_1_4code_hs\5at_ddr3_1_4code_hs.v'("H:\0_gaoyun_p\1.9.9Beta-2\Gowin\Gowin_V1.9.9Beta-2\IDE\ipcore\DDR3\data\5at_ddr3_1_4code_hs\5at_ddr3_1_4code_hs.v":5580)
Analyzing included file 'H:\0_gaoyun_p\1.9.9Beta-2\Gowin\Gowin_V1.9.9Beta-2\IDE\ipcore\DDR3\data\5at_ddr3_1_4code_hs\gwmc_local_param.v'("H:\0_gaoyun_p\1.9.9Beta-2\Gowin\Gowin_V1.9.9Beta-2\IDE\ipcore\DDR3\data\5at_ddr3_1_4code_hs\5at_ddr3_1_4code_hs.v":5580)
Back to file 'H:\0_gaoyun_p\1.9.9Beta-2\Gowin\Gowin_V1.9.9Beta-2\IDE\ipcore\DDR3\data\5at_ddr3_1_4code_hs\5at_ddr3_1_4code_hs.v'("H:\0_gaoyun_p\1.9.9Beta-2\Gowin\Gowin_V1.9.9Beta-2\IDE\ipcore\DDR3\data\5at_ddr3_1_4code_hs\5at_ddr3_1_4code_hs.v":5580)
Analyzing included file 'gwmc_param.v'("H:\0_gaoyun_p\1.9.9Beta-2\Gowin\Gowin_V1.9.9Beta-2\IDE\ipcore\DDR3\data\5at_ddr3_1_4code_hs\5at_ddr3_1_4code_hs.v":5580)
Back to file 'H:\0_gaoyun_p\1.9.9Beta-2\Gowin\Gowin_V1.9.9Beta-2\IDE\ipcore\DDR3\data\5at_ddr3_1_4code_hs\5at_ddr3_1_4code_hs.v'("H:\0_gaoyun_p\1.9.9Beta-2\Gowin\Gowin_V1.9.9Beta-2\IDE\ipcore\DDR3\data\5at_ddr3_1_4code_hs\5at_ddr3_1_4code_hs.v":5580)
Analyzing included file 'H:\0_gaoyun_p\1.9.9Beta-2\Gowin\Gowin_V1.9.9Beta-2\IDE\ipcore\DDR3\data\5at_ddr3_1_4code_hs\gwmc_local_param.v'("H:\0_gaoyun_p\1.9.9Beta-2\Gowin\Gowin_V1.9.9Beta-2\IDE\ipcore\DDR3\data\5at_ddr3_1_4code_hs\5at_ddr3_1_4code_hs.v":5580)
Back to file 'H:\0_gaoyun_p\1.9.9Beta-2\Gowin\Gowin_V1.9.9Beta-2\IDE\ipcore\DDR3\data\5at_ddr3_1_4code_hs\5at_ddr3_1_4code_hs.v'("H:\0_gaoyun_p\1.9.9Beta-2\Gowin\Gowin_V1.9.9Beta-2\IDE\ipcore\DDR3\data\5at_ddr3_1_4code_hs\5at_ddr3_1_4code_hs.v":5580)
Undeclared symbol '**', assumed default net type '**'("H:\0_gaoyun_p\1.9.9Beta-2\Gowin\Gowin_V1.9.9Beta-2\IDE\ipcore\DDR3\data\5at_ddr3_1_4code_hs\5at_ddr3_1_4code_hs.v":0)
Undeclared symbol '**', assumed default net type '**'("H:\0_gaoyun_p\1.9.9Beta-2\Gowin\Gowin_V1.9.9Beta-2\IDE\ipcore\DDR3\data\5at_ddr3_1_4code_hs\5at_ddr3_1_4code_hs.v":0)
Analyzing included file 'gwmc_param.v'("H:\0_gaoyun_p\1.9.9Beta-2\Gowin\Gowin_V1.9.9Beta-2\IDE\ipcore\DDR3\data\5at_ddr3_1_4code_hs\5at_ddr3_1_4code_hs.v":5580)
Back to file 'H:\0_gaoyun_p\1.9.9Beta-2\Gowin\Gowin_V1.9.9Beta-2\IDE\ipcore\DDR3\data\5at_ddr3_1_4code_hs\5at_ddr3_1_4code_hs.v'("H:\0_gaoyun_p\1.9.9Beta-2\Gowin\Gowin_V1.9.9Beta-2\IDE\ipcore\DDR3\data\5at_ddr3_1_4code_hs\5at_ddr3_1_4code_hs.v":5580)
Analyzing included file 'H:\0_gaoyun_p\1.9.9Beta-2\Gowin\Gowin_V1.9.9Beta-2\IDE\ipcore\DDR3\data\5at_ddr3_1_4code_hs\gwmc_local_param.v'("H:\0_gaoyun_p\1.9.9Beta-2\Gowin\Gowin_V1.9.9Beta-2\IDE\ipcore\DDR3\data\5at_ddr3_1_4code_hs\5at_ddr3_1_4code_hs.v":5580)
Back to file 'H:\0_gaoyun_p\1.9.9Beta-2\Gowin\Gowin_V1.9.9Beta-2\IDE\ipcore\DDR3\data\5at_ddr3_1_4code_hs\5at_ddr3_1_4code_hs.v'("H:\0_gaoyun_p\1.9.9Beta-2\Gowin\Gowin_V1.9.9Beta-2\IDE\ipcore\DDR3\data\5at_ddr3_1_4code_hs\5at_ddr3_1_4code_hs.v":5580)
Analyzing included file 'gwmc_param.v'("H:\0_gaoyun_p\1.9.9Beta-2\Gowin\Gowin_V1.9.9Beta-2\IDE\ipcore\DDR3\data\5at_ddr3_1_4code_hs\5at_ddr3_1_4code_hs.v":5580)
Back to file 'H:\0_gaoyun_p\1.9.9Beta-2\Gowin\Gowin_V1.9.9Beta-2\IDE\ipcore\DDR3\data\5at_ddr3_1_4code_hs\5at_ddr3_1_4code_hs.v'("H:\0_gaoyun_p\1.9.9Beta-2\Gowin\Gowin_V1.9.9Beta-2\IDE\ipcore\DDR3\data\5at_ddr3_1_4code_hs\5at_ddr3_1_4code_hs.v":5580)
Analyzing included file 'H:\0_gaoyun_p\1.9.9Beta-2\Gowin\Gowin_V1.9.9Beta-2\IDE\ipcore\DDR3\data\5at_ddr3_1_4code_hs\gwmc_local_param.v'("H:\0_gaoyun_p\1.9.9Beta-2\Gowin\Gowin_V1.9.9Beta-2\IDE\ipcore\DDR3\data\5at_ddr3_1_4code_hs\5at_ddr3_1_4code_hs.v":5580)
Back to file 'H:\0_gaoyun_p\1.9.9Beta-2\Gowin\Gowin_V1.9.9Beta-2\IDE\ipcore\DDR3\data\5at_ddr3_1_4code_hs\5at_ddr3_1_4code_hs.v'("H:\0_gaoyun_p\1.9.9Beta-2\Gowin\Gowin_V1.9.9Beta-2\IDE\ipcore\DDR3\data\5at_ddr3_1_4code_hs\5at_ddr3_1_4code_hs.v":5580)
Analyzing included file 'gwmc_param.v'("H:\0_gaoyun_p\1.9.9Beta-2\Gowin\Gowin_V1.9.9Beta-2\IDE\ipcore\DDR3\data\5at_ddr3_1_4code_hs\5at_ddr3_1_4code_hs.v":5580)
Back to file 'H:\0_gaoyun_p\1.9.9Beta-2\Gowin\Gowin_V1.9.9Beta-2\IDE\ipcore\DDR3\data\5at_ddr3_1_4code_hs\5at_ddr3_1_4code_hs.v'("H:\0_gaoyun_p\1.9.9Beta-2\Gowin\Gowin_V1.9.9Beta-2\IDE\ipcore\DDR3\data\5at_ddr3_1_4code_hs\5at_ddr3_1_4code_hs.v":5580)
Analyzing included file 'H:\0_gaoyun_p\1.9.9Beta-2\Gowin\Gowin_V1.9.9Beta-2\IDE\ipcore\DDR3\data\5at_ddr3_1_4code_hs\gwmc_local_param.v'("H:\0_gaoyun_p\1.9.9Beta-2\Gowin\Gowin_V1.9.9Beta-2\IDE\ipcore\DDR3\data\5at_ddr3_1_4code_hs\5at_ddr3_1_4code_hs.v":5580)
Back to file 'H:\0_gaoyun_p\1.9.9Beta-2\Gowin\Gowin_V1.9.9Beta-2\IDE\ipcore\DDR3\data\5at_ddr3_1_4code_hs\5at_ddr3_1_4code_hs.v'("H:\0_gaoyun_p\1.9.9Beta-2\Gowin\Gowin_V1.9.9Beta-2\IDE\ipcore\DDR3\data\5at_ddr3_1_4code_hs\5at_ddr3_1_4code_hs.v":5580)
Undeclared symbol '**', assumed default net type '**'("H:\0_gaoyun_p\1.9.9Beta-2\Gowin\Gowin_V1.9.9Beta-2\IDE\ipcore\DDR3\data\5at_ddr3_1_4code_hs\5at_ddr3_1_4code_hs.v":0)
Undeclared symbol '**', assumed default net type '**'("H:\0_gaoyun_p\1.9.9Beta-2\Gowin\Gowin_V1.9.9Beta-2\IDE\ipcore\DDR3\data\5at_ddr3_1_4code_hs\5at_ddr3_1_4code_hs.v":0)
Undeclared symbol '**', assumed default net type '**'("H:\0_gaoyun_p\1.9.9Beta-2\Gowin\Gowin_V1.9.9Beta-2\IDE\ipcore\DDR3\data\5at_ddr3_1_4code_hs\5at_ddr3_1_4code_hs.v":0)
Undeclared symbol '**', assumed default net type '**'("H:\0_gaoyun_p\1.9.9Beta-2\Gowin\Gowin_V1.9.9Beta-2\IDE\ipcore\DDR3\data\5at_ddr3_1_4code_hs\5at_ddr3_1_4code_hs.v":0)
Undeclared symbol '**', assumed default net type '**'("H:\0_gaoyun_p\1.9.9Beta-2\Gowin\Gowin_V1.9.9Beta-2\IDE\ipcore\DDR3\data\5at_ddr3_1_4code_hs\5at_ddr3_1_4code_hs.v":0)
Undeclared symbol '**', assumed default net type '**'("H:\0_gaoyun_p\1.9.9Beta-2\Gowin\Gowin_V1.9.9Beta-2\IDE\ipcore\DDR3\data\5at_ddr3_1_4code_hs\5at_ddr3_1_4code_hs.v":0)
Undeclared symbol '**', assumed default net type '**'("H:\0_gaoyun_p\1.9.9Beta-2\Gowin\Gowin_V1.9.9Beta-2\IDE\ipcore\DDR3\data\5at_ddr3_1_4code_hs\5at_ddr3_1_4code_hs.v":0)
Undeclared symbol '**', assumed default net type '**'("H:\0_gaoyun_p\1.9.9Beta-2\Gowin\Gowin_V1.9.9Beta-2\IDE\ipcore\DDR3\data\5at_ddr3_1_4code_hs\5at_ddr3_1_4code_hs.v":0)
Undeclared symbol '**', assumed default net type '**'("H:\0_gaoyun_p\1.9.9Beta-2\Gowin\Gowin_V1.9.9Beta-2\IDE\ipcore\DDR3\data\5at_ddr3_1_4code_hs\5at_ddr3_1_4code_hs.v":0)
Undeclared symbol '**', assumed default net type '**'("H:\0_gaoyun_p\1.9.9Beta-2\Gowin\Gowin_V1.9.9Beta-2\IDE\ipcore\DDR3\data\5at_ddr3_1_4code_hs\5at_ddr3_1_4code_hs.v":0)
Undeclared symbol '**', assumed default net type '**'("H:\0_gaoyun_p\1.9.9Beta-2\Gowin\Gowin_V1.9.9Beta-2\IDE\ipcore\DDR3\data\5at_ddr3_1_4code_hs\5at_ddr3_1_4code_hs.v":0)
Undeclared symbol '**', assumed default net type '**'("H:\0_gaoyun_p\1.9.9Beta-2\Gowin\Gowin_V1.9.9Beta-2\IDE\ipcore\DDR3\data\5at_ddr3_1_4code_hs\5at_ddr3_1_4code_hs.v":0)
Undeclared symbol '**', assumed default net type '**'("H:\0_gaoyun_p\1.9.9Beta-2\Gowin\Gowin_V1.9.9Beta-2\IDE\ipcore\DDR3\data\5at_ddr3_1_4code_hs\5at_ddr3_1_4code_hs.v":0)
Undeclared symbol '**', assumed default net type '**'("H:\0_gaoyun_p\1.9.9Beta-2\Gowin\Gowin_V1.9.9Beta-2\IDE\ipcore\DDR3\data\5at_ddr3_1_4code_hs\5at_ddr3_1_4code_hs.v":0)
Analyzing included file 'gwmc_param.v'("H:\0_gaoyun_p\1.9.9Beta-2\Gowin\Gowin_V1.9.9Beta-2\IDE\ipcore\DDR3\data\5at_ddr3_1_4code_hs\5at_ddr3_1_4code_hs.v":5580)
Back to file 'H:\0_gaoyun_p\1.9.9Beta-2\Gowin\Gowin_V1.9.9Beta-2\IDE\ipcore\DDR3\data\5at_ddr3_1_4code_hs\5at_ddr3_1_4code_hs.v'("H:\0_gaoyun_p\1.9.9Beta-2\Gowin\Gowin_V1.9.9Beta-2\IDE\ipcore\DDR3\data\5at_ddr3_1_4code_hs\5at_ddr3_1_4code_hs.v":5580)
Analyzing included file 'H:\0_gaoyun_p\1.9.9Beta-2\Gowin\Gowin_V1.9.9Beta-2\IDE\ipcore\DDR3\data\5at_ddr3_1_4code_hs\gwmc_local_param.v'("H:\0_gaoyun_p\1.9.9Beta-2\Gowin\Gowin_V1.9.9Beta-2\IDE\ipcore\DDR3\data\5at_ddr3_1_4code_hs\5at_ddr3_1_4code_hs.v":5580)
Back to file 'H:\0_gaoyun_p\1.9.9Beta-2\Gowin\Gowin_V1.9.9Beta-2\IDE\ipcore\DDR3\data\5at_ddr3_1_4code_hs\5at_ddr3_1_4code_hs.v'("H:\0_gaoyun_p\1.9.9Beta-2\Gowin\Gowin_V1.9.9Beta-2\IDE\ipcore\DDR3\data\5at_ddr3_1_4code_hs\5at_ddr3_1_4code_hs.v":5580)
Undeclared symbol '**', assumed default net type '**'("H:\0_gaoyun_p\1.9.9Beta-2\Gowin\Gowin_V1.9.9Beta-2\IDE\ipcore\DDR3\data\5at_ddr3_1_4code_hs\5at_ddr3_1_4code_hs.v":0)
Undeclared symbol '**', assumed default net type '**'("H:\0_gaoyun_p\1.9.9Beta-2\Gowin\Gowin_V1.9.9Beta-2\IDE\ipcore\DDR3\data\5at_ddr3_1_4code_hs\5at_ddr3_1_4code_hs.v":0)
Analyzing Verilog file 'H:\0_gaoyun_p\1.9.9Beta-2\Gowin\Gowin_V1.9.9Beta-2\IDE\ipcore\DDR3\data\5at_ddr3_1_4code_hs\DDR3_TOP.v'
Analyzing included file 'ddr3_name.v'("H:\0_gaoyun_p\1.9.9Beta-2\Gowin\Gowin_V1.9.9Beta-2\IDE\ipcore\DDR3\data\5at_ddr3_1_4code_hs\DDR3_TOP.v":3)
Back to file 'H:\0_gaoyun_p\1.9.9Beta-2\Gowin\Gowin_V1.9.9Beta-2\IDE\ipcore\DDR3\data\5at_ddr3_1_4code_hs\DDR3_TOP.v'("H:\0_gaoyun_p\1.9.9Beta-2\Gowin\Gowin_V1.9.9Beta-2\IDE\ipcore\DDR3\data\5at_ddr3_1_4code_hs\DDR3_TOP.v":3)
Analyzing included file 'DDR3_define.v'("H:\0_gaoyun_p\1.9.9Beta-2\Gowin\Gowin_V1.9.9Beta-2\IDE\ipcore\DDR3\data\5at_ddr3_1_4code_hs\DDR3_TOP.v":4)
Back to file 'H:\0_gaoyun_p\1.9.9Beta-2\Gowin\Gowin_V1.9.9Beta-2\IDE\ipcore\DDR3\data\5at_ddr3_1_4code_hs\DDR3_TOP.v'("H:\0_gaoyun_p\1.9.9Beta-2\Gowin\Gowin_V1.9.9Beta-2\IDE\ipcore\DDR3\data\5at_ddr3_1_4code_hs\DDR3_TOP.v":4)
Analyzing included file 'gwmc_param.v'("H:\0_gaoyun_p\1.9.9Beta-2\Gowin\Gowin_V1.9.9Beta-2\IDE\ipcore\DDR3\data\5at_ddr3_1_4code_hs\DDR3_TOP.v":63)
Back to file 'H:\0_gaoyun_p\1.9.9Beta-2\Gowin\Gowin_V1.9.9Beta-2\IDE\ipcore\DDR3\data\5at_ddr3_1_4code_hs\DDR3_TOP.v'("H:\0_gaoyun_p\1.9.9Beta-2\Gowin\Gowin_V1.9.9Beta-2\IDE\ipcore\DDR3\data\5at_ddr3_1_4code_hs\DDR3_TOP.v":63)
Analyzing included file 'H:\0_gaoyun_p\1.9.9Beta-2\Gowin\Gowin_V1.9.9Beta-2\IDE\ipcore\DDR3\data\5at_ddr3_1_4code_hs\gwmc_local_param.v'("H:\0_gaoyun_p\1.9.9Beta-2\Gowin\Gowin_V1.9.9Beta-2\IDE\ipcore\DDR3\data\5at_ddr3_1_4code_hs\DDR3_TOP.v":64)
Back to file 'H:\0_gaoyun_p\1.9.9Beta-2\Gowin\Gowin_V1.9.9Beta-2\IDE\ipcore\DDR3\data\5at_ddr3_1_4code_hs\DDR3_TOP.v'("H:\0_gaoyun_p\1.9.9Beta-2\Gowin\Gowin_V1.9.9Beta-2\IDE\ipcore\DDR3\data\5at_ddr3_1_4code_hs\DDR3_TOP.v":64)
Compiling module 'DDR3_Memory_Interface_Top'("H:\0_gaoyun_p\1.9.9Beta-2\Gowin\Gowin_V1.9.9Beta-2\IDE\ipcore\DDR3\data\5at_ddr3_1_4code_hs\DDR3_TOP.v":6)
WARN  (EX3073) : Port '**' remains unconnected for this instance("H:\0_gaoyun_p\1.9.9Beta-2\Gowin\Gowin_V1.9.9Beta-2\IDE\ipcore\DDR3\data\5at_ddr3_1_4code_hs\5at_ddr3_1_4code_hs.v":0)
Compiling module '**'("H:\0_gaoyun_p\1.9.9Beta-2\Gowin\Gowin_V1.9.9Beta-2\IDE\ipcore\DDR3\data\5at_ddr3_1_4code_hs\5at_ddr3_1_4code_hs.v":0)
Compiling module '**'("H:\0_gaoyun_p\1.9.9Beta-2\Gowin\Gowin_V1.9.9Beta-2\IDE\ipcore\DDR3\data\5at_ddr3_1_4code_hs\5at_ddr3_1_4code_hs.v":0)
Compiling module '**'("H:\0_gaoyun_p\1.9.9Beta-2\Gowin\Gowin_V1.9.9Beta-2\IDE\ipcore\DDR3\data\5at_ddr3_1_4code_hs\5at_ddr3_1_4code_hs.v":0)
Extracting RAM for identifier '**'("H:\0_gaoyun_p\1.9.9Beta-2\Gowin\Gowin_V1.9.9Beta-2\IDE\ipcore\DDR3\data\5at_ddr3_1_4code_hs\5at_ddr3_1_4code_hs.v":0)
Compiling module '**'("H:\0_gaoyun_p\1.9.9Beta-2\Gowin\Gowin_V1.9.9Beta-2\IDE\ipcore\DDR3\data\5at_ddr3_1_4code_hs\5at_ddr3_1_4code_hs.v":0)
WARN  (EX3791) : Expression size ** truncated to fit in target size **("H:\0_gaoyun_p\1.9.9Beta-2\Gowin\Gowin_V1.9.9Beta-2\IDE\ipcore\DDR3\data\5at_ddr3_1_4code_hs\5at_ddr3_1_4code_hs.v":0)
Compiling module '**'("H:\0_gaoyun_p\1.9.9Beta-2\Gowin\Gowin_V1.9.9Beta-2\IDE\ipcore\DDR3\data\5at_ddr3_1_4code_hs\5at_ddr3_1_4code_hs.v":0)
Compiling module '**'("H:\0_gaoyun_p\1.9.9Beta-2\Gowin\Gowin_V1.9.9Beta-2\IDE\ipcore\DDR3\data\5at_ddr3_1_4code_hs\5at_ddr3_1_4code_hs.v":0)
Compiling module '**'("H:\0_gaoyun_p\1.9.9Beta-2\Gowin\Gowin_V1.9.9Beta-2\IDE\ipcore\DDR3\data\5at_ddr3_1_4code_hs\5at_ddr3_1_4code_hs.v":0)
Extracting RAM for identifier '**'("H:\0_gaoyun_p\1.9.9Beta-2\Gowin\Gowin_V1.9.9Beta-2\IDE\ipcore\DDR3\data\5at_ddr3_1_4code_hs\5at_ddr3_1_4code_hs.v":0)
Compiling module '**'("H:\0_gaoyun_p\1.9.9Beta-2\Gowin\Gowin_V1.9.9Beta-2\IDE\ipcore\DDR3\data\5at_ddr3_1_4code_hs\5at_ddr3_1_4code_hs.v":0)
Compiling module '**'("H:\0_gaoyun_p\1.9.9Beta-2\Gowin\Gowin_V1.9.9Beta-2\IDE\ipcore\DDR3\data\5at_ddr3_1_4code_hs\5at_ddr3_1_4code_hs.v":0)
WARN  (EX1998) : Net '**' does not have a driver("H:\0_gaoyun_p\1.9.9Beta-2\Gowin\Gowin_V1.9.9Beta-2\IDE\ipcore\DDR3\data\5at_ddr3_1_4code_hs\5at_ddr3_1_4code_hs.v":0)
Compiling module '**'("H:\0_gaoyun_p\1.9.9Beta-2\Gowin\Gowin_V1.9.9Beta-2\IDE\ipcore\DDR3\data\5at_ddr3_1_4code_hs\5at_ddr3_1_4code_hs.v":0)
Compiling module '**'("H:\0_gaoyun_p\1.9.9Beta-2\Gowin\Gowin_V1.9.9Beta-2\IDE\ipcore\DDR3\data\5at_ddr3_1_4code_hs\5at_ddr3_1_4code_hs.v":0)
WARN  (EX3680) : Concatenation with an unsized literal will be treated as 32 bits("H:\0_gaoyun_p\1.9.9Beta-2\Gowin\Gowin_V1.9.9Beta-2\IDE\ipcore\DDR3\data\5at_ddr3_1_4code_hs\5at_ddr3_1_4code_hs.v":0)
Compiling module '**'("H:\0_gaoyun_p\1.9.9Beta-2\Gowin\Gowin_V1.9.9Beta-2\IDE\ipcore\DDR3\data\5at_ddr3_1_4code_hs\5at_ddr3_1_4code_hs.v":0)
WARN  (EX3791) : Expression size ** truncated to fit in target size **("H:\0_gaoyun_p\1.9.9Beta-2\Gowin\Gowin_V1.9.9Beta-2\IDE\ipcore\DDR3\data\5at_ddr3_1_4code_hs\5at_ddr3_1_4code_hs.v":0)
Compiling module '**'("H:\0_gaoyun_p\1.9.9Beta-2\Gowin\Gowin_V1.9.9Beta-2\IDE\ipcore\DDR3\data\5at_ddr3_1_4code_hs\5at_ddr3_1_4code_hs.v":0)
Extracting RAM for identifier '**'("H:\0_gaoyun_p\1.9.9Beta-2\Gowin\Gowin_V1.9.9Beta-2\IDE\ipcore\DDR3\data\5at_ddr3_1_4code_hs\5at_ddr3_1_4code_hs.v":0)
Extracting RAM for identifier '**'("H:\0_gaoyun_p\1.9.9Beta-2\Gowin\Gowin_V1.9.9Beta-2\IDE\ipcore\DDR3\data\5at_ddr3_1_4code_hs\5at_ddr3_1_4code_hs.v":0)
Extracting RAM for identifier '**'("H:\0_gaoyun_p\1.9.9Beta-2\Gowin\Gowin_V1.9.9Beta-2\IDE\ipcore\DDR3\data\5at_ddr3_1_4code_hs\5at_ddr3_1_4code_hs.v":0)
Extracting RAM for identifier '**'("H:\0_gaoyun_p\1.9.9Beta-2\Gowin\Gowin_V1.9.9Beta-2\IDE\ipcore\DDR3\data\5at_ddr3_1_4code_hs\5at_ddr3_1_4code_hs.v":0)
Extracting RAM for identifier '**'("H:\0_gaoyun_p\1.9.9Beta-2\Gowin\Gowin_V1.9.9Beta-2\IDE\ipcore\DDR3\data\5at_ddr3_1_4code_hs\5at_ddr3_1_4code_hs.v":0)
Extracting RAM for identifier '**'("H:\0_gaoyun_p\1.9.9Beta-2\Gowin\Gowin_V1.9.9Beta-2\IDE\ipcore\DDR3\data\5at_ddr3_1_4code_hs\5at_ddr3_1_4code_hs.v":0)
Extracting RAM for identifier '**'("H:\0_gaoyun_p\1.9.9Beta-2\Gowin\Gowin_V1.9.9Beta-2\IDE\ipcore\DDR3\data\5at_ddr3_1_4code_hs\5at_ddr3_1_4code_hs.v":0)
Extracting RAM for identifier '**'("H:\0_gaoyun_p\1.9.9Beta-2\Gowin\Gowin_V1.9.9Beta-2\IDE\ipcore\DDR3\data\5at_ddr3_1_4code_hs\5at_ddr3_1_4code_hs.v":0)
Extracting RAM for identifier '**'("H:\0_gaoyun_p\1.9.9Beta-2\Gowin\Gowin_V1.9.9Beta-2\IDE\ipcore\DDR3\data\5at_ddr3_1_4code_hs\5at_ddr3_1_4code_hs.v":0)
Compiling module '**'("H:\0_gaoyun_p\1.9.9Beta-2\Gowin\Gowin_V1.9.9Beta-2\IDE\ipcore\DDR3\data\5at_ddr3_1_4code_hs\5at_ddr3_1_4code_hs.v":0)
Extracting RAM for identifier '**'("H:\0_gaoyun_p\1.9.9Beta-2\Gowin\Gowin_V1.9.9Beta-2\IDE\ipcore\DDR3\data\5at_ddr3_1_4code_hs\5at_ddr3_1_4code_hs.v":0)
Extracting RAM for identifier '**'("H:\0_gaoyun_p\1.9.9Beta-2\Gowin\Gowin_V1.9.9Beta-2\IDE\ipcore\DDR3\data\5at_ddr3_1_4code_hs\5at_ddr3_1_4code_hs.v":0)
Extracting RAM for identifier '**'("H:\0_gaoyun_p\1.9.9Beta-2\Gowin\Gowin_V1.9.9Beta-2\IDE\ipcore\DDR3\data\5at_ddr3_1_4code_hs\5at_ddr3_1_4code_hs.v":0)
Extracting RAM for identifier '**'("H:\0_gaoyun_p\1.9.9Beta-2\Gowin\Gowin_V1.9.9Beta-2\IDE\ipcore\DDR3\data\5at_ddr3_1_4code_hs\5at_ddr3_1_4code_hs.v":0)
Extracting RAM for identifier '**'("H:\0_gaoyun_p\1.9.9Beta-2\Gowin\Gowin_V1.9.9Beta-2\IDE\ipcore\DDR3\data\5at_ddr3_1_4code_hs\5at_ddr3_1_4code_hs.v":0)
Extracting RAM for identifier '**'("H:\0_gaoyun_p\1.9.9Beta-2\Gowin\Gowin_V1.9.9Beta-2\IDE\ipcore\DDR3\data\5at_ddr3_1_4code_hs\5at_ddr3_1_4code_hs.v":0)
Extracting RAM for identifier '**'("H:\0_gaoyun_p\1.9.9Beta-2\Gowin\Gowin_V1.9.9Beta-2\IDE\ipcore\DDR3\data\5at_ddr3_1_4code_hs\5at_ddr3_1_4code_hs.v":0)
Extracting RAM for identifier '**'("H:\0_gaoyun_p\1.9.9Beta-2\Gowin\Gowin_V1.9.9Beta-2\IDE\ipcore\DDR3\data\5at_ddr3_1_4code_hs\5at_ddr3_1_4code_hs.v":0)
Compiling module '**'("H:\0_gaoyun_p\1.9.9Beta-2\Gowin\Gowin_V1.9.9Beta-2\IDE\ipcore\DDR3\data\5at_ddr3_1_4code_hs\5at_ddr3_1_4code_hs.v":0)
WARN  (EX3670) : Actual bit length ** differs from formal bit length ** for port '**'("H:\0_gaoyun_p\1.9.9Beta-2\Gowin\Gowin_V1.9.9Beta-2\IDE\ipcore\DDR3\data\5at_ddr3_1_4code_hs\5at_ddr3_1_4code_hs.v":0)
WARN  (EX3670) : Actual bit length ** differs from formal bit length ** for port '**'("H:\0_gaoyun_p\1.9.9Beta-2\Gowin\Gowin_V1.9.9Beta-2\IDE\ipcore\DDR3\data\5at_ddr3_1_4code_hs\5at_ddr3_1_4code_hs.v":0)
Compiling module '**'("H:\0_gaoyun_p\1.9.9Beta-2\Gowin\Gowin_V1.9.9Beta-2\IDE\ipcore\DDR3\data\5at_ddr3_1_4code_hs\5at_ddr3_1_4code_hs.v":0)
Compiling module '**'("H:\0_gaoyun_p\1.9.9Beta-2\Gowin\Gowin_V1.9.9Beta-2\IDE\ipcore\DDR3\data\5at_ddr3_1_4code_hs\5at_ddr3_1_4code_hs.v":0)
Extracting RAM for identifier '**'("H:\0_gaoyun_p\1.9.9Beta-2\Gowin\Gowin_V1.9.9Beta-2\IDE\ipcore\DDR3\data\5at_ddr3_1_4code_hs\5at_ddr3_1_4code_hs.v":0)
Extracting RAM for identifier '**'("H:\0_gaoyun_p\1.9.9Beta-2\Gowin\Gowin_V1.9.9Beta-2\IDE\ipcore\DDR3\data\5at_ddr3_1_4code_hs\5at_ddr3_1_4code_hs.v":0)
Extracting RAM for identifier '**'("H:\0_gaoyun_p\1.9.9Beta-2\Gowin\Gowin_V1.9.9Beta-2\IDE\ipcore\DDR3\data\5at_ddr3_1_4code_hs\5at_ddr3_1_4code_hs.v":0)
Extracting RAM for identifier '**'("H:\0_gaoyun_p\1.9.9Beta-2\Gowin\Gowin_V1.9.9Beta-2\IDE\ipcore\DDR3\data\5at_ddr3_1_4code_hs\5at_ddr3_1_4code_hs.v":0)
Extracting RAM for identifier '**'("H:\0_gaoyun_p\1.9.9Beta-2\Gowin\Gowin_V1.9.9Beta-2\IDE\ipcore\DDR3\data\5at_ddr3_1_4code_hs\5at_ddr3_1_4code_hs.v":0)
Extracting RAM for identifier '**'("H:\0_gaoyun_p\1.9.9Beta-2\Gowin\Gowin_V1.9.9Beta-2\IDE\ipcore\DDR3\data\5at_ddr3_1_4code_hs\5at_ddr3_1_4code_hs.v":0)
Extracting RAM for identifier '**'("H:\0_gaoyun_p\1.9.9Beta-2\Gowin\Gowin_V1.9.9Beta-2\IDE\ipcore\DDR3\data\5at_ddr3_1_4code_hs\5at_ddr3_1_4code_hs.v":0)
Extracting RAM for identifier '**'("H:\0_gaoyun_p\1.9.9Beta-2\Gowin\Gowin_V1.9.9Beta-2\IDE\ipcore\DDR3\data\5at_ddr3_1_4code_hs\5at_ddr3_1_4code_hs.v":0)
Extracting RAM for identifier '**'("H:\0_gaoyun_p\1.9.9Beta-2\Gowin\Gowin_V1.9.9Beta-2\IDE\ipcore\DDR3\data\5at_ddr3_1_4code_hs\5at_ddr3_1_4code_hs.v":0)
Extracting RAM for identifier '**'("H:\0_gaoyun_p\1.9.9Beta-2\Gowin\Gowin_V1.9.9Beta-2\IDE\ipcore\DDR3\data\5at_ddr3_1_4code_hs\5at_ddr3_1_4code_hs.v":0)
Extracting RAM for identifier '**'("H:\0_gaoyun_p\1.9.9Beta-2\Gowin\Gowin_V1.9.9Beta-2\IDE\ipcore\DDR3\data\5at_ddr3_1_4code_hs\5at_ddr3_1_4code_hs.v":0)
Extracting RAM for identifier '**'("H:\0_gaoyun_p\1.9.9Beta-2\Gowin\Gowin_V1.9.9Beta-2\IDE\ipcore\DDR3\data\5at_ddr3_1_4code_hs\5at_ddr3_1_4code_hs.v":0)
Extracting RAM for identifier '**'("H:\0_gaoyun_p\1.9.9Beta-2\Gowin\Gowin_V1.9.9Beta-2\IDE\ipcore\DDR3\data\5at_ddr3_1_4code_hs\5at_ddr3_1_4code_hs.v":0)
Extracting RAM for identifier '**'("H:\0_gaoyun_p\1.9.9Beta-2\Gowin\Gowin_V1.9.9Beta-2\IDE\ipcore\DDR3\data\5at_ddr3_1_4code_hs\5at_ddr3_1_4code_hs.v":0)
Extracting RAM for identifier '**'("H:\0_gaoyun_p\1.9.9Beta-2\Gowin\Gowin_V1.9.9Beta-2\IDE\ipcore\DDR3\data\5at_ddr3_1_4code_hs\5at_ddr3_1_4code_hs.v":0)
Extracting RAM for identifier '**'("H:\0_gaoyun_p\1.9.9Beta-2\Gowin\Gowin_V1.9.9Beta-2\IDE\ipcore\DDR3\data\5at_ddr3_1_4code_hs\5at_ddr3_1_4code_hs.v":0)
Extracting RAM for identifier '**'("H:\0_gaoyun_p\1.9.9Beta-2\Gowin\Gowin_V1.9.9Beta-2\IDE\ipcore\DDR3\data\5at_ddr3_1_4code_hs\5at_ddr3_1_4code_hs.v":0)
Extracting RAM for identifier '**'("H:\0_gaoyun_p\1.9.9Beta-2\Gowin\Gowin_V1.9.9Beta-2\IDE\ipcore\DDR3\data\5at_ddr3_1_4code_hs\5at_ddr3_1_4code_hs.v":0)
Extracting RAM for identifier '**'("H:\0_gaoyun_p\1.9.9Beta-2\Gowin\Gowin_V1.9.9Beta-2\IDE\ipcore\DDR3\data\5at_ddr3_1_4code_hs\5at_ddr3_1_4code_hs.v":0)
Extracting RAM for identifier '**'("H:\0_gaoyun_p\1.9.9Beta-2\Gowin\Gowin_V1.9.9Beta-2\IDE\ipcore\DDR3\data\5at_ddr3_1_4code_hs\5at_ddr3_1_4code_hs.v":0)
Extracting RAM for identifier '**'("H:\0_gaoyun_p\1.9.9Beta-2\Gowin\Gowin_V1.9.9Beta-2\IDE\ipcore\DDR3\data\5at_ddr3_1_4code_hs\5at_ddr3_1_4code_hs.v":0)
Extracting RAM for identifier '**'("H:\0_gaoyun_p\1.9.9Beta-2\Gowin\Gowin_V1.9.9Beta-2\IDE\ipcore\DDR3\data\5at_ddr3_1_4code_hs\5at_ddr3_1_4code_hs.v":0)
Extracting RAM for identifier '**'("H:\0_gaoyun_p\1.9.9Beta-2\Gowin\Gowin_V1.9.9Beta-2\IDE\ipcore\DDR3\data\5at_ddr3_1_4code_hs\5at_ddr3_1_4code_hs.v":0)
Extracting RAM for identifier '**'("H:\0_gaoyun_p\1.9.9Beta-2\Gowin\Gowin_V1.9.9Beta-2\IDE\ipcore\DDR3\data\5at_ddr3_1_4code_hs\5at_ddr3_1_4code_hs.v":0)
Extracting RAM for identifier '**'("H:\0_gaoyun_p\1.9.9Beta-2\Gowin\Gowin_V1.9.9Beta-2\IDE\ipcore\DDR3\data\5at_ddr3_1_4code_hs\5at_ddr3_1_4code_hs.v":0)
Extracting RAM for identifier '**'("H:\0_gaoyun_p\1.9.9Beta-2\Gowin\Gowin_V1.9.9Beta-2\IDE\ipcore\DDR3\data\5at_ddr3_1_4code_hs\5at_ddr3_1_4code_hs.v":0)
Compiling module '**'("H:\0_gaoyun_p\1.9.9Beta-2\Gowin\Gowin_V1.9.9Beta-2\IDE\ipcore\DDR3\data\5at_ddr3_1_4code_hs\5at_ddr3_1_4code_hs.v":0)
Compiling module '**'("H:\0_gaoyun_p\1.9.9Beta-2\Gowin\Gowin_V1.9.9Beta-2\IDE\ipcore\DDR3\data\5at_ddr3_1_4code_hs\5at_ddr3_1_4code_hs.v":0)
Compiling module '**'("H:\0_gaoyun_p\1.9.9Beta-2\Gowin\Gowin_V1.9.9Beta-2\IDE\ipcore\DDR3\data\5at_ddr3_1_4code_hs\5at_ddr3_1_4code_hs.v":0)
Compiling module '**'("H:\0_gaoyun_p\1.9.9Beta-2\Gowin\Gowin_V1.9.9Beta-2\IDE\ipcore\DDR3\data\5at_ddr3_1_4code_hs\5at_ddr3_1_4code_hs.v":0)
Compiling module '**'("H:\0_gaoyun_p\1.9.9Beta-2\Gowin\Gowin_V1.9.9Beta-2\IDE\ipcore\DDR3\data\5at_ddr3_1_4code_hs\5at_ddr3_1_4code_hs.v":0)
Compiling module '**'("H:\0_gaoyun_p\1.9.9Beta-2\Gowin\Gowin_V1.9.9Beta-2\IDE\ipcore\DDR3\data\5at_ddr3_1_4code_hs\5at_ddr3_1_4code_hs.v":0)
WARN  (EX3791) : Expression size ** truncated to fit in target size **("H:\0_gaoyun_p\1.9.9Beta-2\Gowin\Gowin_V1.9.9Beta-2\IDE\ipcore\DDR3\data\5at_ddr3_1_4code_hs\5at_ddr3_1_4code_hs.v":0)
Compiling module '**'("H:\0_gaoyun_p\1.9.9Beta-2\Gowin\Gowin_V1.9.9Beta-2\IDE\ipcore\DDR3\data\5at_ddr3_1_4code_hs\5at_ddr3_1_4code_hs.v":0)
WARN  (EX3791) : Expression size ** truncated to fit in target size **("H:\0_gaoyun_p\1.9.9Beta-2\Gowin\Gowin_V1.9.9Beta-2\IDE\ipcore\DDR3\data\5at_ddr3_1_4code_hs\5at_ddr3_1_4code_hs.v":0)
WARN  (EX3791) : Expression size ** truncated to fit in target size **("H:\0_gaoyun_p\1.9.9Beta-2\Gowin\Gowin_V1.9.9Beta-2\IDE\ipcore\DDR3\data\5at_ddr3_1_4code_hs\5at_ddr3_1_4code_hs.v":0)
NOTE  (EX0101) : Current top module is "DDR3_Memory_Interface_Top"
WARN  (EX0211) : The output port "mc_cas_slot[1]" of module "~gwmc_top.DDR3_Memory_Interface_Top" has no driver, assigning undriven bits to Z, simulation mismatch possible("H:\0_gaoyun_p\1.9.9Beta-2\Gowin\Gowin_V1.9.9Beta-2\IDE\ipcore\DDR3\data\5at_ddr3_1_4code_hs\5at_ddr3_1_4code_hs.v":0)
WARN  (EX0211) : The output port "mc_cas_slot[0]" of module "~gwmc_top.DDR3_Memory_Interface_Top" has no driver, assigning undriven bits to Z, simulation mismatch possible("H:\0_gaoyun_p\1.9.9Beta-2\Gowin\Gowin_V1.9.9Beta-2\IDE\ipcore\DDR3\data\5at_ddr3_1_4code_hs\5at_ddr3_1_4code_hs.v":0)
WARN  (EX0211) : The output port "burst_num[5]" of module "~gwmc_cmd_buffer.DDR3_Memory_Interface_Top" has no driver, assigning undriven bits to Z, simulation mismatch possible("H:\0_gaoyun_p\1.9.9Beta-2\Gowin\Gowin_V1.9.9Beta-2\IDE\ipcore\DDR3\data\5at_ddr3_1_4code_hs\5at_ddr3_1_4code_hs.v":0)
WARN  (EX0211) : The output port "burst_num[4]" of module "~gwmc_cmd_buffer.DDR3_Memory_Interface_Top" has no driver, assigning undriven bits to Z, simulation mismatch possible("H:\0_gaoyun_p\1.9.9Beta-2\Gowin\Gowin_V1.9.9Beta-2\IDE\ipcore\DDR3\data\5at_ddr3_1_4code_hs\5at_ddr3_1_4code_hs.v":0)
WARN  (EX0211) : The output port "burst_num[3]" of module "~gwmc_cmd_buffer.DDR3_Memory_Interface_Top" has no driver, assigning undriven bits to Z, simulation mismatch possible("H:\0_gaoyun_p\1.9.9Beta-2\Gowin\Gowin_V1.9.9Beta-2\IDE\ipcore\DDR3\data\5at_ddr3_1_4code_hs\5at_ddr3_1_4code_hs.v":0)
WARN  (EX0211) : The output port "burst_num[2]" of module "~gwmc_cmd_buffer.DDR3_Memory_Interface_Top" has no driver, assigning undriven bits to Z, simulation mismatch possible("H:\0_gaoyun_p\1.9.9Beta-2\Gowin\Gowin_V1.9.9Beta-2\IDE\ipcore\DDR3\data\5at_ddr3_1_4code_hs\5at_ddr3_1_4code_hs.v":0)
WARN  (EX0211) : The output port "burst_num[1]" of module "~gwmc_cmd_buffer.DDR3_Memory_Interface_Top" has no driver, assigning undriven bits to Z, simulation mismatch possible("H:\0_gaoyun_p\1.9.9Beta-2\Gowin\Gowin_V1.9.9Beta-2\IDE\ipcore\DDR3\data\5at_ddr3_1_4code_hs\5at_ddr3_1_4code_hs.v":0)
WARN  (EX0211) : The output port "burst_num[0]" of module "~gwmc_cmd_buffer.DDR3_Memory_Interface_Top" has no driver, assigning undriven bits to Z, simulation mismatch possible("H:\0_gaoyun_p\1.9.9Beta-2\Gowin\Gowin_V1.9.9Beta-2\IDE\ipcore\DDR3\data\5at_ddr3_1_4code_hs\5at_ddr3_1_4code_hs.v":0)
WARN  (EX0211) : The output port "loop_en" of module "~gwmc_bank_ctrl.DDR3_Memory_Interface_Top" has no driver, assigning undriven bits to Z, simulation mismatch possible("H:\0_gaoyun_p\1.9.9Beta-2\Gowin\Gowin_V1.9.9Beta-2\IDE\ipcore\DDR3\data\5at_ddr3_1_4code_hs\5at_ddr3_1_4code_hs.v":0)
[5%] Running netlist conversion ...
WARN  (CV0018) : Input addr[27] is unused("H:\0_gaoyun_p\1.9.9Beta-2\Gowin\Gowin_V1.9.9Beta-2\IDE\ipcore\DDR3\data\5at_ddr3_1_4code_hs\DDR3_TOP.v":78)
WARN  (CV0016) : Input ref_req is unused("H:\0_gaoyun_p\1.9.9Beta-2\Gowin\Gowin_V1.9.9Beta-2\IDE\ipcore\DDR3\data\5at_ddr3_1_4code_hs\DDR3_TOP.v":91)
Running device independent optimization ...
[10%] Optimizing Phase 0 completed
[15%] Optimizing Phase 1 completed
[25%] Optimizing Phase 2 completed
Running inference ...
[30%] Inferring Phase 0 completed
[40%] Inferring Phase 1 completed
[50%] Inferring Phase 2 completed
[55%] Inferring Phase 3 completed
Running technical mapping ...
[60%] Tech-Mapping Phase 0 completed
[65%] Tech-Mapping Phase 1 completed
[75%] Tech-Mapping Phase 2 completed
[80%] Tech-Mapping Phase 3 completed
[90%] Tech-Mapping Phase 4 completed
WARN  (NL0002) : The module "~OUT_FIFO.DDR3_Memory_Interface_Top" instantiated to "u_out_fifo" is swept in optimizing("H:\0_gaoyun_p\1.9.9Beta-2\Gowin\Gowin_V1.9.9Beta-2\IDE\ipcore\DDR3\data\5at_ddr3_1_4code_hs\5at_ddr3_1_4code_hs.v":0)
WARN  (NL0002) : The module "~ddr_phy_reset_gen.DDR3_Memory_Interface_Top" instantiated to "u_ddr_phy_reset_gen" is swept in optimizing("H:\0_gaoyun_p\1.9.9Beta-2\Gowin\Gowin_V1.9.9Beta-2\IDE\ipcore\DDR3\data\5at_ddr3_1_4code_hs\5at_ddr3_1_4code_hs.v":0)
[95%] Generate netlist file "H:\01_gaoyun\gao_project\53_ov5640_ddr3_hdmi\ov5640_ddr3_hdmi\ov5640_ddr3_hdmi\src\ddr3_memory_interface\temp\DDR3\ddr3_memory_interface.vg" completed
Generate template file "H:\01_gaoyun\gao_project\53_ov5640_ddr3_hdmi\ov5640_ddr3_hdmi\ov5640_ddr3_hdmi\src\ddr3_memory_interface\temp\DDR3\ddr3_memory_interface_tmp.v" completed
[100%] Generate report file "H:\01_gaoyun\gao_project\53_ov5640_ddr3_hdmi\ov5640_ddr3_hdmi\ov5640_ddr3_hdmi\src\ddr3_memory_interface\temp\DDR3\ddr3_memory_interface_syn.rpt.html" completed
GowinSynthesis finish
