GowinSynthesis start
Running parser ...
Analyzing Verilog file 'H:\0_gaoyun_p\1.9.8\Gowin\Gowin_V1.9.8.07\IDE\ipcore\DDR\data\ddr.v'
Analyzing included file 'ddr_param.v'("H:\0_gaoyun_p\1.9.8\Gowin\Gowin_V1.9.8.07\IDE\ipcore\DDR\data\ddr.v":1)
Back to file 'H:\0_gaoyun_p\1.9.8\Gowin\Gowin_V1.9.8.07\IDE\ipcore\DDR\data\ddr.v'("H:\0_gaoyun_p\1.9.8\Gowin\Gowin_V1.9.8.07\IDE\ipcore\DDR\data\ddr.v":1)
Compiling module 'Gowin_DDR_1'("H:\0_gaoyun_p\1.9.8\Gowin\Gowin_V1.9.8.07\IDE\ipcore\DDR\data\ddr.v":290)
NOTE  (EX0101) : Current top module is "Gowin_DDR_1"
[5%] Running netlist conversion ...
Running device independent optimization ...
[10%] Optimizing Phase 0 completed
[15%] Optimizing Phase 1 completed
[25%] Optimizing Phase 2 completed
Running inference ...
[30%] Inferring Phase 0 completed
[40%] Inferring Phase 1 completed
[50%] Inferring Phase 2 completed
[55%] Inferring Phase 3 completed
Running technical mapping ...
[60%] Tech-Mapping Phase 0 completed
[65%] Tech-Mapping Phase 1 completed
[75%] Tech-Mapping Phase 2 completed
[80%] Tech-Mapping Phase 3 completed
[90%] Tech-Mapping Phase 4 completed
[95%] Generate netlist file "H:\01_gaoyun\gao_project\ov5640_ddr3_hdmi\ov5640_ddr3_hdmi\src\gowin_ddr\temp\DDR\gowin_ddr.vg" completed
Generate template file "H:\01_gaoyun\gao_project\ov5640_ddr3_hdmi\ov5640_ddr3_hdmi\src\gowin_ddr\temp\DDR\gowin_ddr_tmp.v" completed
[100%] Generate report file "H:\01_gaoyun\gao_project\ov5640_ddr3_hdmi\ov5640_ddr3_hdmi\src\gowin_ddr\temp\DDR\gowin_ddr_syn.rpt.html" completed
GowinSynthesis finish
