GowinSynthesis start
Running parser ...
Analyzing Verilog file 'H:\01_gaoyun\gao_project\44_ov5640_ddr3_raw2rgb_tft_hdmi\ov5640_ddr3_raw2rgb_tft\src\DVP_Capture\DVP_Capture.v'
Analyzing Verilog file 'H:\01_gaoyun\gao_project\44_ov5640_ddr3_raw2rgb_tft_hdmi\ov5640_ddr3_raw2rgb_tft\src\RAW2RGB.v'
Analyzing Verilog file 'H:\01_gaoyun\gao_project\44_ov5640_ddr3_raw2rgb_tft_hdmi\ov5640_ddr3_raw2rgb_tft\src\c_shift_ram_0\c_shift_ram_0.v'
Analyzing Verilog file 'H:\01_gaoyun\gao_project\44_ov5640_ddr3_raw2rgb_tft_hdmi\ov5640_ddr3_raw2rgb_tft\src\camera_init\camera_init.v'
Analyzing Verilog file 'H:\01_gaoyun\gao_project\44_ov5640_ddr3_raw2rgb_tft_hdmi\ov5640_ddr3_raw2rgb_tft\src\camera_init\i2c_control\i2c_bit_shift.v'
Analyzing Verilog file 'H:\01_gaoyun\gao_project\44_ov5640_ddr3_raw2rgb_tft_hdmi\ov5640_ddr3_raw2rgb_tft\src\camera_init\i2c_control\i2c_control.v'
Analyzing Verilog file 'H:\01_gaoyun\gao_project\44_ov5640_ddr3_raw2rgb_tft_hdmi\ov5640_ddr3_raw2rgb_tft\src\camera_init\ov5640_init_table_jpeg.v'
Analyzing Verilog file 'H:\01_gaoyun\gao_project\44_ov5640_ddr3_raw2rgb_tft_hdmi\ov5640_ddr3_raw2rgb_tft\src\camera_init\ov5640_init_table_rgb.v'
Analyzing Verilog file 'H:\01_gaoyun\gao_project\44_ov5640_ddr3_raw2rgb_tft_hdmi\ov5640_ddr3_raw2rgb_tft\src\camera_pll\camera_pll.v'
Analyzing Verilog file 'H:\01_gaoyun\gao_project\44_ov5640_ddr3_raw2rgb_tft_hdmi\ov5640_ddr3_raw2rgb_tft\src\ddr3_ctrl_2port\ddr3_ctrl_2port.v'
Undeclared symbol 'app_rd_data_end', assumed default net type 'wire'("H:\01_gaoyun\gao_project\44_ov5640_ddr3_raw2rgb_tft_hdmi\ov5640_ddr3_raw2rgb_tft\src\ddr3_ctrl_2port\ddr3_ctrl_2port.v":149)
Undeclared symbol 'app_sr_active', assumed default net type 'wire'("H:\01_gaoyun\gao_project\44_ov5640_ddr3_raw2rgb_tft_hdmi\ov5640_ddr3_raw2rgb_tft\src\ddr3_ctrl_2port\ddr3_ctrl_2port.v":152)
Undeclared symbol 'app_ref_ack', assumed default net type 'wire'("H:\01_gaoyun\gao_project\44_ov5640_ddr3_raw2rgb_tft_hdmi\ov5640_ddr3_raw2rgb_tft\src\ddr3_ctrl_2port\ddr3_ctrl_2port.v":153)
Analyzing Verilog file 'H:\01_gaoyun\gao_project\44_ov5640_ddr3_raw2rgb_tft_hdmi\ov5640_ddr3_raw2rgb_tft\src\ddr3_ctrl_2port\fifo_ddr3_adapter.v'
WARN  (EX2830) : Data object 'wr_rst' is already declared("H:\01_gaoyun\gao_project\44_ov5640_ddr3_raw2rgb_tft_hdmi\ov5640_ddr3_raw2rgb_tft\src\ddr3_ctrl_2port\fifo_ddr3_adapter.v":50)
Previous declaration of 'wr_rst' is from here("H:\01_gaoyun\gao_project\44_ov5640_ddr3_raw2rgb_tft_hdmi\ov5640_ddr3_raw2rgb_tft\src\ddr3_ctrl_2port\fifo_ddr3_adapter.v":47)
WARN  (EX3671) : Second declaration of 'wr_rst' is ignored("H:\01_gaoyun\gao_project\44_ov5640_ddr3_raw2rgb_tft_hdmi\ov5640_ddr3_raw2rgb_tft\src\ddr3_ctrl_2port\fifo_ddr3_adapter.v":50)
WARN  (EX3628) : Redeclaration of ANSI port 'app_addr' is not allowed("H:\01_gaoyun\gao_project\44_ov5640_ddr3_raw2rgb_tft_hdmi\ov5640_ddr3_raw2rgb_tft\src\ddr3_ctrl_2port\fifo_ddr3_adapter.v":57)
Analyzing Verilog file 'H:\01_gaoyun\gao_project\44_ov5640_ddr3_raw2rgb_tft_hdmi\ov5640_ddr3_raw2rgb_tft\src\ddr3_memory_interface\ddr3_memory_interface.v'
Analyzing Verilog file 'H:\01_gaoyun\gao_project\44_ov5640_ddr3_raw2rgb_tft_hdmi\ov5640_ddr3_raw2rgb_tft\src\ddr_pll\ddr_pll.v'
Analyzing Verilog file 'H:\01_gaoyun\gao_project\44_ov5640_ddr3_raw2rgb_tft_hdmi\ov5640_ddr3_raw2rgb_tft\src\gowin_ddr\gowin_ddr.v'
Analyzing Verilog file 'H:\01_gaoyun\gao_project\44_ov5640_ddr3_raw2rgb_tft_hdmi\ov5640_ddr3_raw2rgb_tft\src\gowin_pll\gowin_pll.v'
Analyzing Verilog file 'H:\01_gaoyun\gao_project\44_ov5640_ddr3_raw2rgb_tft_hdmi\ov5640_ddr3_raw2rgb_tft\src\ov5640_ddr3_raw2rgb_tft.v'
Undeclared symbol 'wrfifo_wren', assumed default net type 'wire'("H:\01_gaoyun\gao_project\44_ov5640_ddr3_raw2rgb_tft_hdmi\ov5640_ddr3_raw2rgb_tft\src\ov5640_ddr3_raw2rgb_tft.v":153)
Undeclared symbol 'flag', assumed default net type 'wire'("H:\01_gaoyun\gao_project\44_ov5640_ddr3_raw2rgb_tft_hdmi\ov5640_ddr3_raw2rgb_tft\src\ov5640_ddr3_raw2rgb_tft.v":181)
Undeclared symbol 'DinReq', assumed default net type 'wire'("H:\01_gaoyun\gao_project\44_ov5640_ddr3_raw2rgb_tft_hdmi\ov5640_ddr3_raw2rgb_tft\src\ov5640_ddr3_raw2rgb_tft.v":181)
WARN  (EX3638) : 'DinReq' is already implicitly declared on line 181("H:\01_gaoyun\gao_project\44_ov5640_ddr3_raw2rgb_tft_hdmi\ov5640_ddr3_raw2rgb_tft\src\ov5640_ddr3_raw2rgb_tft.v":203)
WARN  (EX2830) : Data object 'hcount' is already declared("H:\01_gaoyun\gao_project\44_ov5640_ddr3_raw2rgb_tft_hdmi\ov5640_ddr3_raw2rgb_tft\src\ov5640_ddr3_raw2rgb_tft.v":205)
Previous declaration of 'hcount' is from here("H:\01_gaoyun\gao_project\44_ov5640_ddr3_raw2rgb_tft_hdmi\ov5640_ddr3_raw2rgb_tft\src\ov5640_ddr3_raw2rgb_tft.v":71)
WARN  (EX3671) : Second declaration of 'hcount' is ignored("H:\01_gaoyun\gao_project\44_ov5640_ddr3_raw2rgb_tft_hdmi\ov5640_ddr3_raw2rgb_tft\src\ov5640_ddr3_raw2rgb_tft.v":205)
WARN  (EX2830) : Data object 'vcount' is already declared("H:\01_gaoyun\gao_project\44_ov5640_ddr3_raw2rgb_tft_hdmi\ov5640_ddr3_raw2rgb_tft\src\ov5640_ddr3_raw2rgb_tft.v":206)
Previous declaration of 'vcount' is from here("H:\01_gaoyun\gao_project\44_ov5640_ddr3_raw2rgb_tft_hdmi\ov5640_ddr3_raw2rgb_tft\src\ov5640_ddr3_raw2rgb_tft.v":72)
WARN  (EX3671) : Second declaration of 'vcount' is ignored("H:\01_gaoyun\gao_project\44_ov5640_ddr3_raw2rgb_tft_hdmi\ov5640_ddr3_raw2rgb_tft\src\ov5640_ddr3_raw2rgb_tft.v":206)
WARN  (EX3638) : 'flag' is already implicitly declared on line 181("H:\01_gaoyun\gao_project\44_ov5640_ddr3_raw2rgb_tft_hdmi\ov5640_ddr3_raw2rgb_tft\src\ov5640_ddr3_raw2rgb_tft.v":210)
Undeclared symbol 'DataReq', assumed default net type 'wire'("H:\01_gaoyun\gao_project\44_ov5640_ddr3_raw2rgb_tft_hdmi\ov5640_ddr3_raw2rgb_tft\src\ov5640_ddr3_raw2rgb_tft.v":230)
WARN  (EX2830) : Data object 'video_r' is already declared("H:\01_gaoyun\gao_project\44_ov5640_ddr3_raw2rgb_tft_hdmi\ov5640_ddr3_raw2rgb_tft\src\ov5640_ddr3_raw2rgb_tft.v":233)
Previous declaration of 'video_r' is from here("H:\01_gaoyun\gao_project\44_ov5640_ddr3_raw2rgb_tft_hdmi\ov5640_ddr3_raw2rgb_tft\src\ov5640_ddr3_raw2rgb_tft.v":78)
WARN  (EX3671) : Second declaration of 'video_r' is ignored("H:\01_gaoyun\gao_project\44_ov5640_ddr3_raw2rgb_tft_hdmi\ov5640_ddr3_raw2rgb_tft\src\ov5640_ddr3_raw2rgb_tft.v":233)
WARN  (EX2830) : Data object 'video_g' is already declared("H:\01_gaoyun\gao_project\44_ov5640_ddr3_raw2rgb_tft_hdmi\ov5640_ddr3_raw2rgb_tft\src\ov5640_ddr3_raw2rgb_tft.v":234)
Previous declaration of 'video_g' is from here("H:\01_gaoyun\gao_project\44_ov5640_ddr3_raw2rgb_tft_hdmi\ov5640_ddr3_raw2rgb_tft\src\ov5640_ddr3_raw2rgb_tft.v":79)
WARN  (EX3671) : Second declaration of 'video_g' is ignored("H:\01_gaoyun\gao_project\44_ov5640_ddr3_raw2rgb_tft_hdmi\ov5640_ddr3_raw2rgb_tft\src\ov5640_ddr3_raw2rgb_tft.v":234)
WARN  (EX2830) : Data object 'video_b' is already declared("H:\01_gaoyun\gao_project\44_ov5640_ddr3_raw2rgb_tft_hdmi\ov5640_ddr3_raw2rgb_tft\src\ov5640_ddr3_raw2rgb_tft.v":235)
Previous declaration of 'video_b' is from here("H:\01_gaoyun\gao_project\44_ov5640_ddr3_raw2rgb_tft_hdmi\ov5640_ddr3_raw2rgb_tft\src\ov5640_ddr3_raw2rgb_tft.v":80)
WARN  (EX3671) : Second declaration of 'video_b' is ignored("H:\01_gaoyun\gao_project\44_ov5640_ddr3_raw2rgb_tft_hdmi\ov5640_ddr3_raw2rgb_tft\src\ov5640_ddr3_raw2rgb_tft.v":235)
Analyzing Verilog file 'H:\01_gaoyun\gao_project\44_ov5640_ddr3_raw2rgb_tft_hdmi\ov5640_ddr3_raw2rgb_tft\src\rd_data_fifo\rd_data_fifo.v'
Analyzing Verilog file 'H:\01_gaoyun\gao_project\44_ov5640_ddr3_raw2rgb_tft_hdmi\ov5640_ddr3_raw2rgb_tft\src\vga\disp_driver.v'
Analyzing included file 'H:\01_gaoyun\gao_project\44_ov5640_ddr3_raw2rgb_tft_hdmi\ov5640_ddr3_raw2rgb_tft\src\vga\disp_parameter_cfg.v'("H:\01_gaoyun\gao_project\44_ov5640_ddr3_raw2rgb_tft_hdmi\ov5640_ddr3_raw2rgb_tft\src\vga\disp_driver.v":16)
Back to file 'H:\01_gaoyun\gao_project\44_ov5640_ddr3_raw2rgb_tft_hdmi\ov5640_ddr3_raw2rgb_tft\src\vga\disp_driver.v'("H:\01_gaoyun\gao_project\44_ov5640_ddr3_raw2rgb_tft_hdmi\ov5640_ddr3_raw2rgb_tft\src\vga\disp_driver.v":16)
Analyzing Verilog file 'H:\01_gaoyun\gao_project\44_ov5640_ddr3_raw2rgb_tft_hdmi\ov5640_ddr3_raw2rgb_tft\src\vga\disp_parameter_cfg.v'
Analyzing Verilog file 'H:\01_gaoyun\gao_project\44_ov5640_ddr3_raw2rgb_tft_hdmi\ov5640_ddr3_raw2rgb_tft\src\vga\dvi_encoder.v'
Analyzing Verilog file 'H:\01_gaoyun\gao_project\44_ov5640_ddr3_raw2rgb_tft_hdmi\ov5640_ddr3_raw2rgb_tft\src\wr_data_fifo\wr_data_fifo.v'
Compiling module 'ov5640_ddr3_raw2rgb_tft'("H:\01_gaoyun\gao_project\44_ov5640_ddr3_raw2rgb_tft_hdmi\ov5640_ddr3_raw2rgb_tft\src\ov5640_ddr3_raw2rgb_tft.v":1)
Compiling module 'Gowin_PLL'("H:\01_gaoyun\gao_project\44_ov5640_ddr3_raw2rgb_tft_hdmi\ov5640_ddr3_raw2rgb_tft\src\gowin_pll\gowin_pll.v":9)
Compiling module 'camera_init(IMAGE_WIDTH=800)'("H:\01_gaoyun\gao_project\44_ov5640_ddr3_raw2rgb_tft_hdmi\ov5640_ddr3_raw2rgb_tft\src\camera_init\camera_init.v":18)
Compiling module 'ov5640_init_table_rgb(IMAGE_WIDTH=800,IMAGE_HEIGHT=480,IMAGE_FLIP_EN=0,IMAGE_MIRROR_EN=0)'("H:\01_gaoyun\gao_project\44_ov5640_ddr3_raw2rgb_tft_hdmi\ov5640_ddr3_raw2rgb_tft\src\camera_init\ov5640_init_table_rgb.v":18)
Extracting RAM for identifier 'rom'("H:\01_gaoyun\gao_project\44_ov5640_ddr3_raw2rgb_tft_hdmi\ov5640_ddr3_raw2rgb_tft\src\camera_init\ov5640_init_table_rgb.v":39)
WARN  (EX3791) : Expression size 46 truncated to fit in target size 24("H:\01_gaoyun\gao_project\44_ov5640_ddr3_raw2rgb_tft_hdmi\ov5640_ddr3_raw2rgb_tft\src\camera_init\ov5640_init_table_rgb.v":265)
WARN  (EX3791) : Expression size 50 truncated to fit in target size 24("H:\01_gaoyun\gao_project\44_ov5640_ddr3_raw2rgb_tft_hdmi\ov5640_ddr3_raw2rgb_tft\src\camera_init\ov5640_init_table_rgb.v":266)
Compiling module 'i2c_control'("H:\01_gaoyun\gao_project\44_ov5640_ddr3_raw2rgb_tft_hdmi\ov5640_ddr3_raw2rgb_tft\src\camera_init\i2c_control\i2c_control.v":18)
Compiling module 'i2c_bit_shift'("H:\01_gaoyun\gao_project\44_ov5640_ddr3_raw2rgb_tft_hdmi\ov5640_ddr3_raw2rgb_tft\src\camera_init\i2c_control\i2c_bit_shift.v":18)
Compiling module 'DVP_Capture'("H:\01_gaoyun\gao_project\44_ov5640_ddr3_raw2rgb_tft_hdmi\ov5640_ddr3_raw2rgb_tft\src\DVP_Capture\DVP_Capture.v":18)
Compiling module 'ddr3_ctrl_2port'("H:\01_gaoyun\gao_project\44_ov5640_ddr3_raw2rgb_tft_hdmi\ov5640_ddr3_raw2rgb_tft\src\ddr3_ctrl_2port\ddr3_ctrl_2port.v":1)
Compiling module 'fifo_ddr3_adapter'("H:\01_gaoyun\gao_project\44_ov5640_ddr3_raw2rgb_tft_hdmi\ov5640_ddr3_raw2rgb_tft\src\ddr3_ctrl_2port\fifo_ddr3_adapter.v":2)
WARN  (EX3791) : Expression size 29 truncated to fit in target size 28("H:\01_gaoyun\gao_project\44_ov5640_ddr3_raw2rgb_tft_hdmi\ov5640_ddr3_raw2rgb_tft\src\ddr3_ctrl_2port\fifo_ddr3_adapter.v":253)
WARN  (EX3791) : Expression size 29 truncated to fit in target size 28("H:\01_gaoyun\gao_project\44_ov5640_ddr3_raw2rgb_tft_hdmi\ov5640_ddr3_raw2rgb_tft\src\ddr3_ctrl_2port\fifo_ddr3_adapter.v":257)
WARN  (EX3791) : Expression size 29 truncated to fit in target size 28("H:\01_gaoyun\gao_project\44_ov5640_ddr3_raw2rgb_tft_hdmi\ov5640_ddr3_raw2rgb_tft\src\ddr3_ctrl_2port\fifo_ddr3_adapter.v":267)
WARN  (EX3791) : Expression size 29 truncated to fit in target size 28("H:\01_gaoyun\gao_project\44_ov5640_ddr3_raw2rgb_tft_hdmi\ov5640_ddr3_raw2rgb_tft\src\ddr3_ctrl_2port\fifo_ddr3_adapter.v":271)
Compiling module 'rd_data_fifo'("H:\01_gaoyun\gao_project\44_ov5640_ddr3_raw2rgb_tft_hdmi\ov5640_ddr3_raw2rgb_tft\src\rd_data_fifo\rd_data_fifo.v":1555)
Compiling module '**'("H:\01_gaoyun\gao_project\44_ov5640_ddr3_raw2rgb_tft_hdmi\ov5640_ddr3_raw2rgb_tft\src\rd_data_fifo\rd_data_fifo.v":0)
Compiling module 'wr_data_fifo'("H:\01_gaoyun\gao_project\44_ov5640_ddr3_raw2rgb_tft_hdmi\ov5640_ddr3_raw2rgb_tft\src\wr_data_fifo\wr_data_fifo.v":830)
Compiling module '**'("H:\01_gaoyun\gao_project\44_ov5640_ddr3_raw2rgb_tft_hdmi\ov5640_ddr3_raw2rgb_tft\src\wr_data_fifo\wr_data_fifo.v":0)
Compiling module 'DDR3_Memory_Interface_Top'("H:\01_gaoyun\gao_project\44_ov5640_ddr3_raw2rgb_tft_hdmi\ov5640_ddr3_raw2rgb_tft\src\ddr3_memory_interface\ddr3_memory_interface.v":20854)
Compiling module '**'("H:\01_gaoyun\gao_project\44_ov5640_ddr3_raw2rgb_tft_hdmi\ov5640_ddr3_raw2rgb_tft\src\ddr3_memory_interface\ddr3_memory_interface.v":0)
Compiling module '**'("H:\01_gaoyun\gao_project\44_ov5640_ddr3_raw2rgb_tft_hdmi\ov5640_ddr3_raw2rgb_tft\src\ddr3_memory_interface\ddr3_memory_interface.v":0)
Compiling module '**'("H:\01_gaoyun\gao_project\44_ov5640_ddr3_raw2rgb_tft_hdmi\ov5640_ddr3_raw2rgb_tft\src\ddr3_memory_interface\ddr3_memory_interface.v":0)
Compiling module '**'("H:\01_gaoyun\gao_project\44_ov5640_ddr3_raw2rgb_tft_hdmi\ov5640_ddr3_raw2rgb_tft\src\ddr3_memory_interface\ddr3_memory_interface.v":0)
Compiling module '**'("H:\01_gaoyun\gao_project\44_ov5640_ddr3_raw2rgb_tft_hdmi\ov5640_ddr3_raw2rgb_tft\src\ddr3_memory_interface\ddr3_memory_interface.v":0)
Compiling module '**'("H:\01_gaoyun\gao_project\44_ov5640_ddr3_raw2rgb_tft_hdmi\ov5640_ddr3_raw2rgb_tft\src\ddr3_memory_interface\ddr3_memory_interface.v":0)
Compiling module '**'("H:\01_gaoyun\gao_project\44_ov5640_ddr3_raw2rgb_tft_hdmi\ov5640_ddr3_raw2rgb_tft\src\ddr3_memory_interface\ddr3_memory_interface.v":0)
Compiling module '**'("H:\01_gaoyun\gao_project\44_ov5640_ddr3_raw2rgb_tft_hdmi\ov5640_ddr3_raw2rgb_tft\src\ddr3_memory_interface\ddr3_memory_interface.v":0)
Compiling module '**'("H:\01_gaoyun\gao_project\44_ov5640_ddr3_raw2rgb_tft_hdmi\ov5640_ddr3_raw2rgb_tft\src\ddr3_memory_interface\ddr3_memory_interface.v":0)
Compiling module '**'("H:\01_gaoyun\gao_project\44_ov5640_ddr3_raw2rgb_tft_hdmi\ov5640_ddr3_raw2rgb_tft\src\ddr3_memory_interface\ddr3_memory_interface.v":0)
Compiling module '**'("H:\01_gaoyun\gao_project\44_ov5640_ddr3_raw2rgb_tft_hdmi\ov5640_ddr3_raw2rgb_tft\src\ddr3_memory_interface\ddr3_memory_interface.v":0)
Compiling module '**'("H:\01_gaoyun\gao_project\44_ov5640_ddr3_raw2rgb_tft_hdmi\ov5640_ddr3_raw2rgb_tft\src\ddr3_memory_interface\ddr3_memory_interface.v":0)
Compiling module '**'("H:\01_gaoyun\gao_project\44_ov5640_ddr3_raw2rgb_tft_hdmi\ov5640_ddr3_raw2rgb_tft\src\ddr3_memory_interface\ddr3_memory_interface.v":0)
Compiling module '**'("H:\01_gaoyun\gao_project\44_ov5640_ddr3_raw2rgb_tft_hdmi\ov5640_ddr3_raw2rgb_tft\src\ddr3_memory_interface\ddr3_memory_interface.v":0)
Compiling module '**'("H:\01_gaoyun\gao_project\44_ov5640_ddr3_raw2rgb_tft_hdmi\ov5640_ddr3_raw2rgb_tft\src\ddr3_memory_interface\ddr3_memory_interface.v":0)
Compiling module '**'("H:\01_gaoyun\gao_project\44_ov5640_ddr3_raw2rgb_tft_hdmi\ov5640_ddr3_raw2rgb_tft\src\ddr3_memory_interface\ddr3_memory_interface.v":0)
Compiling module '**'("H:\01_gaoyun\gao_project\44_ov5640_ddr3_raw2rgb_tft_hdmi\ov5640_ddr3_raw2rgb_tft\src\ddr3_memory_interface\ddr3_memory_interface.v":0)
Compiling module '**'("H:\01_gaoyun\gao_project\44_ov5640_ddr3_raw2rgb_tft_hdmi\ov5640_ddr3_raw2rgb_tft\src\ddr3_memory_interface\ddr3_memory_interface.v":0)
Compiling module '**'("H:\01_gaoyun\gao_project\44_ov5640_ddr3_raw2rgb_tft_hdmi\ov5640_ddr3_raw2rgb_tft\src\ddr3_memory_interface\ddr3_memory_interface.v":0)
Compiling module '**'("H:\01_gaoyun\gao_project\44_ov5640_ddr3_raw2rgb_tft_hdmi\ov5640_ddr3_raw2rgb_tft\src\ddr3_memory_interface\ddr3_memory_interface.v":0)
Compiling module '**'("H:\01_gaoyun\gao_project\44_ov5640_ddr3_raw2rgb_tft_hdmi\ov5640_ddr3_raw2rgb_tft\src\ddr3_memory_interface\ddr3_memory_interface.v":0)
Compiling module '**'("H:\01_gaoyun\gao_project\44_ov5640_ddr3_raw2rgb_tft_hdmi\ov5640_ddr3_raw2rgb_tft\src\ddr3_memory_interface\ddr3_memory_interface.v":0)
Compiling module '**'("H:\01_gaoyun\gao_project\44_ov5640_ddr3_raw2rgb_tft_hdmi\ov5640_ddr3_raw2rgb_tft\src\ddr3_memory_interface\ddr3_memory_interface.v":0)
Compiling module '**'("H:\01_gaoyun\gao_project\44_ov5640_ddr3_raw2rgb_tft_hdmi\ov5640_ddr3_raw2rgb_tft\src\ddr3_memory_interface\ddr3_memory_interface.v":0)
Compiling module '**'("H:\01_gaoyun\gao_project\44_ov5640_ddr3_raw2rgb_tft_hdmi\ov5640_ddr3_raw2rgb_tft\src\ddr3_memory_interface\ddr3_memory_interface.v":0)
Compiling module '**'("H:\01_gaoyun\gao_project\44_ov5640_ddr3_raw2rgb_tft_hdmi\ov5640_ddr3_raw2rgb_tft\src\ddr3_memory_interface\ddr3_memory_interface.v":0)
Compiling module '**'("H:\01_gaoyun\gao_project\44_ov5640_ddr3_raw2rgb_tft_hdmi\ov5640_ddr3_raw2rgb_tft\src\ddr3_memory_interface\ddr3_memory_interface.v":0)
Compiling module '**'("H:\01_gaoyun\gao_project\44_ov5640_ddr3_raw2rgb_tft_hdmi\ov5640_ddr3_raw2rgb_tft\src\ddr3_memory_interface\ddr3_memory_interface.v":0)
Compiling module '**'("H:\01_gaoyun\gao_project\44_ov5640_ddr3_raw2rgb_tft_hdmi\ov5640_ddr3_raw2rgb_tft\src\ddr3_memory_interface\ddr3_memory_interface.v":0)
Compiling module '**'("H:\01_gaoyun\gao_project\44_ov5640_ddr3_raw2rgb_tft_hdmi\ov5640_ddr3_raw2rgb_tft\src\ddr3_memory_interface\ddr3_memory_interface.v":0)
Compiling module '**'("H:\01_gaoyun\gao_project\44_ov5640_ddr3_raw2rgb_tft_hdmi\ov5640_ddr3_raw2rgb_tft\src\ddr3_memory_interface\ddr3_memory_interface.v":0)
WARN  (EX3670) : Actual bit length 32 differs from formal bit length 1 for port 'burst'("H:\01_gaoyun\gao_project\44_ov5640_ddr3_raw2rgb_tft_hdmi\ov5640_ddr3_raw2rgb_tft\src\ddr3_ctrl_2port\ddr3_ctrl_2port.v":157)
Compiling module 'RAW2RGB'("H:\01_gaoyun\gao_project\44_ov5640_ddr3_raw2rgb_tft_hdmi\ov5640_ddr3_raw2rgb_tft\src\RAW2RGB.v":3)
Compiling module 'c_shift_ram_0'("H:\01_gaoyun\gao_project\44_ov5640_ddr3_raw2rgb_tft_hdmi\ov5640_ddr3_raw2rgb_tft\src\c_shift_ram_0\c_shift_ram_0.v":63057)
Compiling module '**'("H:\01_gaoyun\gao_project\44_ov5640_ddr3_raw2rgb_tft_hdmi\ov5640_ddr3_raw2rgb_tft\src\c_shift_ram_0\c_shift_ram_0.v":0)
WARN  (EX2629) : Delay control is not supported for synthesis("H:\01_gaoyun\gao_project\44_ov5640_ddr3_raw2rgb_tft_hdmi\ov5640_ddr3_raw2rgb_tft\src\RAW2RGB.v":67)
WARN  (EX2629) : Delay control is not supported for synthesis("H:\01_gaoyun\gao_project\44_ov5640_ddr3_raw2rgb_tft_hdmi\ov5640_ddr3_raw2rgb_tft\src\RAW2RGB.v":68)
WARN  (EX2629) : Delay control is not supported for synthesis("H:\01_gaoyun\gao_project\44_ov5640_ddr3_raw2rgb_tft_hdmi\ov5640_ddr3_raw2rgb_tft\src\RAW2RGB.v":70)
WARN  (EX2629) : Delay control is not supported for synthesis("H:\01_gaoyun\gao_project\44_ov5640_ddr3_raw2rgb_tft_hdmi\ov5640_ddr3_raw2rgb_tft\src\RAW2RGB.v":71)
WARN  (EX2629) : Delay control is not supported for synthesis("H:\01_gaoyun\gao_project\44_ov5640_ddr3_raw2rgb_tft_hdmi\ov5640_ddr3_raw2rgb_tft\src\RAW2RGB.v":73)
WARN  (EX2629) : Delay control is not supported for synthesis("H:\01_gaoyun\gao_project\44_ov5640_ddr3_raw2rgb_tft_hdmi\ov5640_ddr3_raw2rgb_tft\src\RAW2RGB.v":74)
WARN  (EX2629) : Delay control is not supported for synthesis("H:\01_gaoyun\gao_project\44_ov5640_ddr3_raw2rgb_tft_hdmi\ov5640_ddr3_raw2rgb_tft\src\RAW2RGB.v":83)
WARN  (EX2629) : Delay control is not supported for synthesis("H:\01_gaoyun\gao_project\44_ov5640_ddr3_raw2rgb_tft_hdmi\ov5640_ddr3_raw2rgb_tft\src\RAW2RGB.v":84)
WARN  (EX2629) : Delay control is not supported for synthesis("H:\01_gaoyun\gao_project\44_ov5640_ddr3_raw2rgb_tft_hdmi\ov5640_ddr3_raw2rgb_tft\src\RAW2RGB.v":85)
WARN  (EX2629) : Delay control is not supported for synthesis("H:\01_gaoyun\gao_project\44_ov5640_ddr3_raw2rgb_tft_hdmi\ov5640_ddr3_raw2rgb_tft\src\RAW2RGB.v":92)
WARN  (EX2629) : Delay control is not supported for synthesis("H:\01_gaoyun\gao_project\44_ov5640_ddr3_raw2rgb_tft_hdmi\ov5640_ddr3_raw2rgb_tft\src\RAW2RGB.v":93)
WARN  (EX2629) : Delay control is not supported for synthesis("H:\01_gaoyun\gao_project\44_ov5640_ddr3_raw2rgb_tft_hdmi\ov5640_ddr3_raw2rgb_tft\src\RAW2RGB.v":94)
WARN  (EX2629) : Delay control is not supported for synthesis("H:\01_gaoyun\gao_project\44_ov5640_ddr3_raw2rgb_tft_hdmi\ov5640_ddr3_raw2rgb_tft\src\RAW2RGB.v":101)
WARN  (EX2629) : Delay control is not supported for synthesis("H:\01_gaoyun\gao_project\44_ov5640_ddr3_raw2rgb_tft_hdmi\ov5640_ddr3_raw2rgb_tft\src\RAW2RGB.v":102)
WARN  (EX2629) : Delay control is not supported for synthesis("H:\01_gaoyun\gao_project\44_ov5640_ddr3_raw2rgb_tft_hdmi\ov5640_ddr3_raw2rgb_tft\src\RAW2RGB.v":103)
WARN  (EX2629) : Delay control is not supported for synthesis("H:\01_gaoyun\gao_project\44_ov5640_ddr3_raw2rgb_tft_hdmi\ov5640_ddr3_raw2rgb_tft\src\RAW2RGB.v":110)
WARN  (EX2629) : Delay control is not supported for synthesis("H:\01_gaoyun\gao_project\44_ov5640_ddr3_raw2rgb_tft_hdmi\ov5640_ddr3_raw2rgb_tft\src\RAW2RGB.v":111)
WARN  (EX2629) : Delay control is not supported for synthesis("H:\01_gaoyun\gao_project\44_ov5640_ddr3_raw2rgb_tft_hdmi\ov5640_ddr3_raw2rgb_tft\src\RAW2RGB.v":112)
Compiling module 'disp_driver'("H:\01_gaoyun\gao_project\44_ov5640_ddr3_raw2rgb_tft_hdmi\ov5640_ddr3_raw2rgb_tft\src\vga\disp_driver.v":18)
NOTE  (EX0101) : Current top module is "ov5640_ddr3_raw2rgb_tft"
[5%] Running netlist conversion ...
Running device independent optimization ...
[10%] Optimizing Phase 0 completed
[15%] Optimizing Phase 1 completed
[25%] Optimizing Phase 2 completed
Running inference ...
[30%] Inferring Phase 0 completed
[40%] Inferring Phase 1 completed
[50%] Inferring Phase 2 completed
[55%] Inferring Phase 3 completed
Running technical mapping ...
[60%] Tech-Mapping Phase 0 completed
[65%] Tech-Mapping Phase 1 completed
[75%] Tech-Mapping Phase 2 completed
[80%] Tech-Mapping Phase 3 completed
[90%] Tech-Mapping Phase 4 completed
[95%] Generate netlist file "H:\01_gaoyun\gao_project\44_ov5640_ddr3_raw2rgb_tft_hdmi\ov5640_ddr3_raw2rgb_tft\impl\gwsynthesis\ov5640_ddr3_raw2rgb_tft.vg" completed
[100%] Generate report file "H:\01_gaoyun\gao_project\44_ov5640_ddr3_raw2rgb_tft_hdmi\ov5640_ddr3_raw2rgb_tft\impl\gwsynthesis\ov5640_ddr3_raw2rgb_tft_syn.rpt.html" completed
GowinSynthesis finish
