Reading netlist file: "H:\01_gaoyun\gao_project\61_ov5640_ddr3_raw2rgb_tft_hdmi\RAW2RGB\impl\gwsynthesis\RAW2RGB.vg"
Parsing netlist file "H:\01_gaoyun\gao_project\61_ov5640_ddr3_raw2rgb_tft_hdmi\RAW2RGB\impl\gwsynthesis\RAW2RGB.vg" completed
Processing netlist completed
Running placement......
[10%] Placement Phase 0 completed
[20%] Placement Phase 1 completed
[30%] Placement Phase 2 completed
[50%] Placement Phase 3 completed
Running routing......
[60%] Routing Phase 0 completed
[80%] Routing Phase 2 completed
[90%] Routing Phase 3 completed
Running timing analysis......
[95%] Timing analysis completed
Placement and routing completed
Bitstream generation in progress......
Bitstream generation completed
Generate file "H:\01_gaoyun\gao_project\61_ov5640_ddr3_raw2rgb_tft_hdmi\RAW2RGB\impl\pnr\RAW2RGB.pin.html" completed
Generate file "H:\01_gaoyun\gao_project\61_ov5640_ddr3_raw2rgb_tft_hdmi\RAW2RGB\impl\pnr\RAW2RGB.rpt.html" completed
Generate file "H:\01_gaoyun\gao_project\61_ov5640_ddr3_raw2rgb_tft_hdmi\RAW2RGB\impl\pnr\RAW2RGB.rpt.txt" completed
Generate file "H:\01_gaoyun\gao_project\61_ov5640_ddr3_raw2rgb_tft_hdmi\RAW2RGB\impl\pnr\RAW2RGB.tr.html" completed
Wed Aug 30 16:43:13 2023

