Reading netlist file: "H:\01_gaoyun\gao_project\44_ov5640_ddr3_raw2rgb_tft_hdmi\ov5640_ddr3_raw2rgb_tft\impl\gwsynthesis\ov5640_ddr3_raw2rgb_tft.vg"
Parsing netlist file "H:\01_gaoyun\gao_project\44_ov5640_ddr3_raw2rgb_tft_hdmi\ov5640_ddr3_raw2rgb_tft\impl\gwsynthesis\ov5640_ddr3_raw2rgb_tft.vg" completed
Processing netlist completed
Reading constraint file: "H:\01_gaoyun\gao_project\44_ov5640_ddr3_raw2rgb_tft_hdmi\ov5640_ddr3_raw2rgb_tft\src\ov5640_ddr3_raw2rgb_tft.cst"
Physical Constraint parsed completed
Running placement......
[10%] Placement Phase 0 completed
[20%] Placement Phase 1 completed
[30%] Placement Phase 2 completed
[50%] Placement Phase 3 completed
Running routing......
[60%] Routing Phase 0 completed
[70%] Routing Phase 1 completed
[80%] Routing Phase 2 completed
WARN  (PR1014) : Generic routing resource will be used to clock signal 'camera_pclk_d' by the specified constraint. And then it may lead to the excessive delay or skew
[90%] Routing Phase 3 completed
Running timing analysis......
[95%] Timing analysis completed
Placement and routing completed
Bitstream generation in progress......
Bitstream generation completed
Generate file "H:\01_gaoyun\gao_project\44_ov5640_ddr3_raw2rgb_tft_hdmi\ov5640_ddr3_raw2rgb_tft\impl\pnr\ov5640_ddr3_raw2rgb_tft.pin.html" completed
Generate file "H:\01_gaoyun\gao_project\44_ov5640_ddr3_raw2rgb_tft_hdmi\ov5640_ddr3_raw2rgb_tft\impl\pnr\ov5640_ddr3_raw2rgb_tft.rpt.html" completed
Generate file "H:\01_gaoyun\gao_project\44_ov5640_ddr3_raw2rgb_tft_hdmi\ov5640_ddr3_raw2rgb_tft\impl\pnr\ov5640_ddr3_raw2rgb_tft.rpt.txt" completed
Generate file "H:\01_gaoyun\gao_project\44_ov5640_ddr3_raw2rgb_tft_hdmi\ov5640_ddr3_raw2rgb_tft\impl\pnr\ov5640_ddr3_raw2rgb_tft.tr.html" completed
Fri Oct 13 10:05:09 2023

